<?xml version="1.0" encoding="UTF-8"?>
<!-- Generated by org.testng.reporters.JUnitReportReporter -->
<testsuite name="com.externalApi.Dumps" tests="9999" time="30.231" ignored="0" failures="0" timestamp="10 May 2017 10:38:43 GMT" skipped="0" hostname="mgh-PC" errors="0">
  <testcase name="login" time="0.000" classname="com.externalApi.Dumps"/>
  <testcase name="login" time="0.001" classname="com.externalApi.Dumps"/>
  <testcase name="login" time="0.000" classname="com.externalApi.Dumps"/>
  <testcase name="login" time="0.001" classname="com.externalApi.Dumps"/>
  <testcase name="login" time="0.000" classname="com.externalApi.Dumps"/>
  <testcase name="login" time="0.000" classname="com.externalApi.Dumps"/>
  <testcase name="login" time="0.001" classname="com.externalApi.Dumps"/>
  <testcase name="login" time="0.000" classname="com.externalApi.Dumps"/>
  <testcase name="login" time="0.001" classname="com.externalApi.Dumps"/>
  <testcase name="login" time="0.000" classname="com.externalApi.Dumps"/>
  <testcase name="login" time="0.001" classname="com.externalApi.Dumps"/>
  <testcase name="login" time="0.000" classname="com.externalApi.Dumps"/>
  <testcase name="login" time="0.000" classname="com.externalApi.Dumps"/>
  <testcase name="login" time="0.001" classname="com.externalApi.Dumps"/>
  <testcase name="login" time="0.001" classname="com.externalApi.Dumps"/>
  <testcase name="login" time="0.001" classname="com.externalApi.Dumps"/>
  <testcase name="login" time="0.000" classname="com.externalApi.Dumps"/>
  <testcase name="login" time="0.001" classname="com.externalApi.Dumps"/>
  <testcase name="login" time="0.133" classname="com.externalApi.Dumps"/>
  <testcase name="login" time="0.003" classname="com.externalApi.Dumps"/>
  <testcase name="login" time="0.000" classname="com.externalApi.Dumps"/>
  <testcase name="login" time="0.001" classname="com.externalApi.Dumps"/>
  <testcase name="login" time="0.001" classname="com.externalApi.Dumps"/>
  <testcase name="login" time="0.000" classname="com.externalApi.Dumps"/>
  <testcase name="login" time="0.001" classname="com.externalApi.Dumps"/>
  <testcase name="login" time="0.001" classname="com.externalApi.Dumps"/>
  <testcase name="login" time="0.001" classname="com.externalApi.Dumps"/>
  <testcase name="login" time="0.001" classname="com.externalApi.Dumps"/>
  <testcase name="login" time="0.001" classname="com.externalApi.Dumps"/>
  <testcase name="login" time="0.001" classname="com.externalApi.Dumps"/>
  <testcase name="login" time="0.000" classname="com.externalApi.Dumps"/>
  <testcase name="login" time="0.000" classname="com.externalApi.Dumps"/>
  <testcase name="login" time="0.001" classname="com.externalApi.Dumps"/>
  <testcase name="login" time="0.000" classname="com.externalApi.Dumps"/>
  <testcase name="login" time="0.000" classname="com.externalApi.Dumps"/>
  <testcase name="login" time="0.000" classname="com.externalApi.Dumps"/>
  <testcase name="login" time="0.000" classname="com.externalApi.Dumps"/>
  <testcase name="login" time="0.000" classname="com.externalApi.Dumps"/>
  <testcase name="login" time="0.001" classname="com.externalApi.Dumps"/>
  <testcase name="login" time="0.000" classname="com.externalApi.Dumps"/>
  <testcase name="login" time="0.000" classname="com.externalApi.Dumps"/>
  <testcase name="login" time="0.000" classname="com.externalApi.Dumps"/>
  <testcase name="login" time="0.001" classname="com.externalApi.Dumps"/>
  <testcase name="login" time="0.000" classname="com.externalApi.Dumps"/>
  <testcase name="login" time="0.001" classname="com.externalApi.Dumps"/>
  <testcase name="login" time="0.000" classname="com.externalApi.Dumps"/>
  <testcase name="login" time="0.001" classname="com.externalApi.Dumps"/>
  <testcase name="login" time="0.000" classname="com.externalApi.Dumps"/>
  <testcase name="login" time="0.000" classname="com.externalApi.Dumps"/>
  <testcase name="login" time="0.001" classname="com.externalApi.Dumps"/>
  <testcase name="login" time="0.001" classname="com.externalApi.Dumps"/>
  <testcase name="login" time="0.000" classname="com.externalApi.Dumps"/>
  <testcase name="login" time="0.001" classname="com.externalApi.Dumps"/>
  <testcase name="login" time="0.001" classname="com.externalApi.Dumps"/>
  <testcase name="login" time="0.002" classname="com.externalApi.Dumps"/>
  <testcase name="login" time="0.001" classname="com.externalApi.Dumps"/>
  <testcase name="login" time="0.000" classname="com.externalApi.Dumps"/>
  <testcase name="login" time="0.001" classname="com.externalApi.Dumps"/>
  <testcase name="login" time="0.000" classname="com.externalApi.Dumps"/>
  <testcase name="login" time="0.001" classname="com.externalApi.Dumps"/>
  <testcase name="login" time="0.001" classname="com.externalApi.Dumps"/>
  <testcase name="login" time="0.001" classname="com.externalApi.Dumps"/>
  <testcase name="login" time="0.001" classname="com.externalApi.Dumps"/>
  <testcase name="login" time="0.001" classname="com.externalApi.Dumps"/>
  <testcase name="login" time="0.001" classname="com.externalApi.Dumps"/>
  <testcase name="login" time="0.001" classname="com.externalApi.Dumps"/>
  <testcase name="login" time="0.001" classname="com.externalApi.Dumps"/>
  <testcase name="login" time="0.000" classname="com.externalApi.Dumps"/>
  <testcase name="login" time="0.001" classname="com.externalApi.Dumps"/>
  <testcase name="login" time="0.001" classname="com.externalApi.Dumps"/>
  <testcase name="login" time="0.000" classname="com.externalApi.Dumps"/>
  <testcase name="login" time="0.000" classname="com.externalApi.Dumps"/>
  <testcase name="login" time="0.000" classname="com.externalApi.Dumps"/>
  <testcase name="login" time="0.001" classname="com.externalApi.Dumps"/>
  <testcase name="login" time="0.000" classname="com.externalApi.Dumps"/>
  <testcase name="login" time="0.001" classname="com.externalApi.Dumps"/>
  <testcase name="login" time="0.001" classname="com.externalApi.Dumps"/>
  <testcase name="login" time="0.001" classname="com.externalApi.Dumps"/>
  <testcase name="login" time="0.001" classname="com.externalApi.Dumps"/>
  <testcase name="login" time="0.000" classname="com.externalApi.Dumps"/>
  <testcase name="login" time="0.000" classname="com.externalApi.Dumps"/>
  <testcase name="login" time="0.000" classname="com.externalApi.Dumps"/>
  <testcase name="login" time="0.000" classname="com.externalApi.Dumps"/>
  <testcase name="login" time="0.001" classname="com.externalApi.Dumps"/>
  <testcase name="login" time="0.000" classname="com.externalApi.Dumps"/>
  <testcase name="login" time="0.000" classname="com.externalApi.Dumps"/>
  <testcase name="login" time="0.000" classname="com.externalApi.Dumps"/>
  <testcase name="login" time="0.004" classname="com.externalApi.Dumps"/>
  <testcase name="login" time="0.002" classname="com.externalApi.Dumps"/>
  <testcase name="login" time="0.001" classname="com.externalApi.Dumps"/>
  <testcase name="login" time="0.001" classname="com.externalApi.Dumps"/>
  <testcase name="login" time="0.000" classname="com.externalApi.Dumps"/>
  <testcase name="login" time="0.000" classname="com.externalApi.Dumps"/>
  <testcase name="login" time="0.000" classname="com.externalApi.Dumps"/>
  <testcase name="login" time="0.001" classname="com.externalApi.Dumps"/>
  <testcase name="login" time="0.001" classname="com.externalApi.Dumps"/>
  <testcase name="login" time="0.000" classname="com.externalApi.Dumps"/>
  <testcase name="login" time="0.003" classname="com.externalApi.Dumps"/>
  <testcase name="login" time="0.001" classname="com.externalApi.Dumps"/>
  <testcase name="login" time="0.000" classname="com.externalApi.Dumps"/>
  <testcase name="login" time="0.001" classname="com.externalApi.Dumps"/>
  <testcase name="login" time="0.001" classname="com.externalApi.Dumps"/>
  <testcase name="login" time="0.001" classname="com.externalApi.Dumps"/>
  <testcase name="login" time="0.001" classname="com.externalApi.Dumps"/>
  <testcase name="login" time="0.000" classname="com.externalApi.Dumps"/>
  <testcase name="login" time="0.001" classname="com.externalApi.Dumps"/>
  <testcase name="login" time="0.000" classname="com.externalApi.Dumps"/>
  <testcase name="login" time="0.000" classname="com.externalApi.Dumps"/>
  <testcase name="login" time="0.000" classname="com.externalApi.Dumps"/>
  <testcase name="login" time="0.001" classname="com.externalApi.Dumps"/>
  <testcase name="login" time="0.001" classname="com.externalApi.Dumps"/>
  <testcase name="login" time="0.000" classname="com.externalApi.Dumps"/>
  <testcase name="login" time="0.000" classname="com.externalApi.Dumps"/>
  <testcase name="login" time="0.001" classname="com.externalApi.Dumps"/>
  <testcase name="login" time="0.000" classname="com.externalApi.Dumps"/>
  <testcase name="login" time="0.001" classname="com.externalApi.Dumps"/>
  <testcase name="login" time="0.001" classname="com.externalApi.Dumps"/>
  <testcase name="login" time="0.000" classname="com.externalApi.Dumps"/>
  <testcase name="login" time="0.000" classname="com.externalApi.Dumps"/>
  <testcase name="login" time="0.001" classname="com.externalApi.Dumps"/>
  <testcase name="login" time="0.003" classname="com.externalApi.Dumps"/>
  <testcase name="login" time="0.001" classname="com.externalApi.Dumps"/>
  <testcase name="login" time="0.000" classname="com.externalApi.Dumps"/>
  <testcase name="login" time="0.001" classname="com.externalApi.Dumps"/>
  <testcase name="login" time="0.001" classname="com.externalApi.Dumps"/>
  <testcase name="login" time="0.001" classname="com.externalApi.Dumps"/>
  <testcase name="login" time="0.001" classname="com.externalApi.Dumps"/>
  <testcase name="login" time="0.000" classname="com.externalApi.Dumps"/>
  <testcase name="login" time="0.001" classname="com.externalApi.Dumps"/>
  <testcase name="login" time="0.001" classname="com.externalApi.Dumps"/>
  <testcase name="login" time="0.001" classname="com.externalApi.Dumps"/>
  <testcase name="login" time="0.001" classname="com.externalApi.Dumps"/>
  <testcase name="login" time="0.001" classname="com.externalApi.Dumps"/>
  <testcase name="login" time="0.000" classname="com.externalApi.Dumps"/>
  <testcase name="login" time="0.001" classname="com.externalApi.Dumps"/>
  <testcase name="login" time="0.000" classname="com.externalApi.Dumps"/>
  <testcase name="login" time="0.000" classname="com.externalApi.Dumps"/>
  <testcase name="login" time="0.001" classname="com.externalApi.Dumps"/>
  <testcase name="login" time="0.000" classname="com.externalApi.Dumps"/>
  <testcase name="login" time="0.000" classname="com.externalApi.Dumps"/>
  <testcase name="login" time="0.001" classname="com.externalApi.Dumps"/>
  <testcase name="login" time="0.001" classname="com.externalApi.Dumps"/>
  <testcase name="login" time="0.001" classname="com.externalApi.Dumps"/>
  <testcase name="login" time="0.001" classname="com.externalApi.Dumps"/>
  <testcase name="login" time="0.001" classname="com.externalApi.Dumps"/>
  <testcase name="login" time="0.000" classname="com.externalApi.Dumps"/>
  <testcase name="login" time="0.001" classname="com.externalApi.Dumps"/>
  <testcase name="login" time="0.000" classname="com.externalApi.Dumps"/>
  <testcase name="login" time="0.001" classname="com.externalApi.Dumps"/>
  <testcase name="login" time="0.000" classname="com.externalApi.Dumps"/>
  <testcase name="login" time="0.001" classname="com.externalApi.Dumps"/>
  <testcase name="login" time="0.007" classname="com.externalApi.Dumps"/>
  <testcase name="login" time="0.000" classname="com.externalApi.Dumps"/>
  <testcase name="login" time="0.000" classname="com.externalApi.Dumps"/>
  <testcase name="login" time="0.000" classname="com.externalApi.Dumps"/>
  <testcase name="login" time="0.001" classname="com.externalApi.Dumps"/>
  <testcase name="login" time="0.001" classname="com.externalApi.Dumps"/>
  <testcase name="login" time="0.000" classname="com.externalApi.Dumps"/>
  <testcase name="login" time="0.001" classname="com.externalApi.Dumps"/>
  <testcase name="login" time="0.000" classname="com.externalApi.Dumps"/>
  <testcase name="login" time="0.000" classname="com.externalApi.Dumps"/>
  <testcase name="login" time="0.005" classname="com.externalApi.Dumps"/>
  <testcase name="login" time="0.001" classname="com.externalApi.Dumps"/>
  <testcase name="login" time="0.001" classname="com.externalApi.Dumps"/>
  <testcase name="login" time="0.001" classname="com.externalApi.Dumps"/>
  <testcase name="login" time="0.000" classname="com.externalApi.Dumps"/>
  <testcase name="login" time="0.000" classname="com.externalApi.Dumps"/>
  <testcase name="login" time="0.001" classname="com.externalApi.Dumps"/>
  <testcase name="login" time="0.000" classname="com.externalApi.Dumps"/>
  <testcase name="login" time="0.000" classname="com.externalApi.Dumps"/>
  <testcase name="login" time="0.002" classname="com.externalApi.Dumps"/>
  <testcase name="login" time="0.001" classname="com.externalApi.Dumps"/>
  <testcase name="login" time="0.001" classname="com.externalApi.Dumps"/>
  <testcase name="login" time="0.005" classname="com.externalApi.Dumps"/>
  <testcase name="login" time="0.001" classname="com.externalApi.Dumps"/>
  <testcase name="login" time="0.001" classname="com.externalApi.Dumps"/>
  <testcase name="login" time="0.000" classname="com.externalApi.Dumps"/>
  <testcase name="login" time="0.000" classname="com.externalApi.Dumps"/>
  <testcase name="login" time="0.000" classname="com.externalApi.Dumps"/>
  <testcase name="login" time="0.000" classname="com.externalApi.Dumps"/>
  <testcase name="login" time="0.001" classname="com.externalApi.Dumps"/>
  <testcase name="login" time="0.001" classname="com.externalApi.Dumps"/>
  <testcase name="login" time="0.001" classname="com.externalApi.Dumps"/>
  <testcase name="login" time="0.001" classname="com.externalApi.Dumps"/>
  <testcase name="login" time="0.000" classname="com.externalApi.Dumps"/>
  <testcase name="login" time="0.017" classname="com.externalApi.Dumps"/>
  <testcase name="login" time="0.001" classname="com.externalApi.Dumps"/>
  <testcase name="login" time="0.001" classname="com.externalApi.Dumps"/>
  <testcase name="login" time="0.001" classname="com.externalApi.Dumps"/>
  <testcase name="login" time="0.002" classname="com.externalApi.Dumps"/>
  <testcase name="login" time="0.000" classname="com.externalApi.Dumps"/>
  <testcase name="login" time="0.000" classname="com.externalApi.Dumps"/>
  <testcase name="login" time="0.001" classname="com.externalApi.Dumps"/>
  <testcase name="login" time="0.000" classname="com.externalApi.Dumps"/>
  <testcase name="login" time="0.001" classname="com.externalApi.Dumps"/>
  <testcase name="login" time="0.000" classname="com.externalApi.Dumps"/>
  <testcase name="login" time="0.000" classname="com.externalApi.Dumps"/>
  <testcase name="login" time="0.000" classname="com.externalApi.Dumps"/>
  <testcase name="login" time="0.000" classname="com.externalApi.Dumps"/>
  <testcase name="login" time="0.001" classname="com.externalApi.Dumps"/>
  <testcase name="login" time="0.000" classname="com.externalApi.Dumps"/>
  <testcase name="login" time="0.001" classname="com.externalApi.Dumps"/>
  <testcase name="login" time="0.001" classname="com.externalApi.Dumps"/>
  <testcase name="login" time="0.001" classname="com.externalApi.Dumps"/>
  <testcase name="login" time="0.000" classname="com.externalApi.Dumps"/>
  <testcase name="login" time="0.000" classname="com.externalApi.Dumps"/>
  <testcase name="login" time="0.000" classname="com.externalApi.Dumps"/>
  <testcase name="login" time="0.000" classname="com.externalApi.Dumps"/>
  <testcase name="login" time="0.001" classname="com.externalApi.Dumps"/>
  <testcase name="login" time="0.001" classname="com.externalApi.Dumps"/>
  <testcase name="login" time="0.001" classname="com.externalApi.Dumps"/>
  <testcase name="login" time="0.000" classname="com.externalApi.Dumps"/>
  <testcase name="login" time="0.000" classname="com.externalApi.Dumps"/>
  <testcase name="login" time="0.000" classname="com.externalApi.Dumps"/>
  <testcase name="login" time="0.000" classname="com.externalApi.Dumps"/>
  <testcase name="login" time="0.000" classname="com.externalApi.Dumps"/>
  <testcase name="login" time="0.000" classname="com.externalApi.Dumps"/>
  <testcase name="login" time="0.001" classname="com.externalApi.Dumps"/>
  <testcase name="login" time="0.001" classname="com.externalApi.Dumps"/>
  <testcase name="login" time="0.001" classname="com.externalApi.Dumps"/>
  <testcase name="login" time="0.001" classname="com.externalApi.Dumps"/>
  <testcase name="login" time="0.000" classname="com.externalApi.Dumps"/>
  <testcase name="login" time="0.001" classname="com.externalApi.Dumps"/>
  <testcase name="login" time="0.001" classname="com.externalApi.Dumps"/>
  <testcase name="login" time="0.001" classname="com.externalApi.Dumps"/>
  <testcase name="login" time="0.002" classname="com.externalApi.Dumps"/>
  <testcase name="login" time="0.001" classname="com.externalApi.Dumps"/>
  <testcase name="login" time="0.001" classname="com.externalApi.Dumps"/>
  <testcase name="login" time="0.001" classname="com.externalApi.Dumps"/>
  <testcase name="login" time="0.000" classname="com.externalApi.Dumps"/>
  <testcase name="login" time="0.000" classname="com.externalApi.Dumps"/>
  <testcase name="login" time="0.001" classname="com.externalApi.Dumps"/>
  <testcase name="login" time="0.002" classname="com.externalApi.Dumps"/>
  <testcase name="login" time="0.001" classname="com.externalApi.Dumps"/>
  <testcase name="login" time="0.002" classname="com.externalApi.Dumps"/>
  <testcase name="login" time="0.000" classname="com.externalApi.Dumps"/>
  <testcase name="login" time="0.001" classname="com.externalApi.Dumps"/>
  <testcase name="login" time="0.000" classname="com.externalApi.Dumps"/>
  <testcase name="login" time="0.001" classname="com.externalApi.Dumps"/>
  <testcase name="login" time="0.001" classname="com.externalApi.Dumps"/>
  <testcase name="login" time="0.000" classname="com.externalApi.Dumps"/>
  <testcase name="login" time="0.000" classname="com.externalApi.Dumps"/>
  <testcase name="login" time="0.000" classname="com.externalApi.Dumps"/>
  <testcase name="login" time="0.001" classname="com.externalApi.Dumps"/>
  <testcase name="login" time="0.001" classname="com.externalApi.Dumps"/>
  <testcase name="login" time="0.001" classname="com.externalApi.Dumps"/>
  <testcase name="login" time="0.002" classname="com.externalApi.Dumps"/>
  <testcase name="login" time="0.000" classname="com.externalApi.Dumps"/>
  <testcase name="login" time="0.001" classname="com.externalApi.Dumps"/>
  <testcase name="login" time="0.001" classname="com.externalApi.Dumps"/>
  <testcase name="login" time="0.002" classname="com.externalApi.Dumps"/>
  <testcase name="login" time="0.000" classname="com.externalApi.Dumps"/>
  <testcase name="login" time="0.002" classname="com.externalApi.Dumps"/>
  <testcase name="login" time="0.000" classname="com.externalApi.Dumps"/>
  <testcase name="login" time="0.001" classname="com.externalApi.Dumps"/>
  <testcase name="login" time="0.002" classname="com.externalApi.Dumps"/>
  <testcase name="login" time="0.001" classname="com.externalApi.Dumps"/>
  <testcase name="login" time="0.001" classname="com.externalApi.Dumps"/>
  <testcase name="login" time="0.000" classname="com.externalApi.Dumps"/>
  <testcase name="login" time="0.000" classname="com.externalApi.Dumps"/>
  <testcase name="login" time="0.001" classname="com.externalApi.Dumps"/>
  <testcase name="login" time="0.000" classname="com.externalApi.Dumps"/>
  <testcase name="login" time="0.000" classname="com.externalApi.Dumps"/>
  <testcase name="login" time="0.000" classname="com.externalApi.Dumps"/>
  <testcase name="login" time="0.000" classname="com.externalApi.Dumps"/>
  <testcase name="login" time="0.001" classname="com.externalApi.Dumps"/>
  <testcase name="login" time="0.000" classname="com.externalApi.Dumps"/>
  <testcase name="login" time="0.000" classname="com.externalApi.Dumps"/>
  <testcase name="login" time="0.001" classname="com.externalApi.Dumps"/>
  <testcase name="login" time="0.000" classname="com.externalApi.Dumps"/>
  <testcase name="login" time="0.000" classname="com.externalApi.Dumps"/>
  <testcase name="login" time="0.003" classname="com.externalApi.Dumps"/>
  <testcase name="login" time="0.002" classname="com.externalApi.Dumps"/>
  <testcase name="login" time="0.002" classname="com.externalApi.Dumps"/>
  <testcase name="login" time="0.000" classname="com.externalApi.Dumps"/>
  <testcase name="login" time="0.001" classname="com.externalApi.Dumps"/>
  <testcase name="login" time="0.000" classname="com.externalApi.Dumps"/>
  <testcase name="login" time="0.000" classname="com.externalApi.Dumps"/>
  <testcase name="login" time="0.000" classname="com.externalApi.Dumps"/>
  <testcase name="login" time="0.001" classname="com.externalApi.Dumps"/>
  <testcase name="login" time="0.151" classname="com.externalApi.Dumps"/>
  <testcase name="login" time="0.000" classname="com.externalApi.Dumps"/>
  <testcase name="login" time="0.001" classname="com.externalApi.Dumps"/>
  <testcase name="login" time="0.002" classname="com.externalApi.Dumps"/>
  <testcase name="login" time="0.001" classname="com.externalApi.Dumps"/>
  <testcase name="login" time="0.000" classname="com.externalApi.Dumps"/>
  <testcase name="login" time="0.000" classname="com.externalApi.Dumps"/>
  <testcase name="login" time="0.000" classname="com.externalApi.Dumps"/>
  <testcase name="login" time="0.001" classname="com.externalApi.Dumps"/>
  <testcase name="login" time="0.000" classname="com.externalApi.Dumps"/>
  <testcase name="login" time="0.001" classname="com.externalApi.Dumps"/>
  <testcase name="login" time="0.000" classname="com.externalApi.Dumps"/>
  <testcase name="login" time="0.002" classname="com.externalApi.Dumps"/>
  <testcase name="login" time="0.000" classname="com.externalApi.Dumps"/>
  <testcase name="login" time="0.000" classname="com.externalApi.Dumps"/>
  <testcase name="login" time="0.001" classname="com.externalApi.Dumps"/>
  <testcase name="login" time="0.000" classname="com.externalApi.Dumps"/>
  <testcase name="login" time="0.001" classname="com.externalApi.Dumps"/>
  <testcase name="login" time="0.000" classname="com.externalApi.Dumps"/>
  <testcase name="login" time="0.001" classname="com.externalApi.Dumps"/>
  <testcase name="login" time="0.001" classname="com.externalApi.Dumps"/>
  <testcase name="login" time="0.000" classname="com.externalApi.Dumps"/>
  <testcase name="login" time="0.001" classname="com.externalApi.Dumps"/>
  <testcase name="login" time="0.001" classname="com.externalApi.Dumps"/>
  <testcase name="login" time="0.000" classname="com.externalApi.Dumps"/>
  <testcase name="login" time="0.000" classname="com.externalApi.Dumps"/>
  <testcase name="login" time="0.130" classname="com.externalApi.Dumps"/>
  <testcase name="login" time="0.000" classname="com.externalApi.Dumps"/>
  <testcase name="login" time="0.000" classname="com.externalApi.Dumps"/>
  <testcase name="login" time="0.000" classname="com.externalApi.Dumps"/>
  <testcase name="login" time="0.001" classname="com.externalApi.Dumps"/>
  <testcase name="login" time="0.000" classname="com.externalApi.Dumps"/>
  <testcase name="login" time="0.021" classname="com.externalApi.Dumps"/>
  <testcase name="login" time="0.001" classname="com.externalApi.Dumps"/>
  <testcase name="login" time="0.001" classname="com.externalApi.Dumps"/>
  <testcase name="login" time="0.000" classname="com.externalApi.Dumps"/>
  <testcase name="login" time="0.001" classname="com.externalApi.Dumps"/>
  <testcase name="login" time="0.001" classname="com.externalApi.Dumps"/>
  <testcase name="login" time="0.001" classname="com.externalApi.Dumps"/>
  <testcase name="login" time="0.000" classname="com.externalApi.Dumps"/>
  <testcase name="login" time="0.000" classname="com.externalApi.Dumps"/>
  <testcase name="login" time="0.000" classname="com.externalApi.Dumps"/>
  <testcase name="login" time="0.001" classname="com.externalApi.Dumps"/>
  <testcase name="login" time="0.001" classname="com.externalApi.Dumps"/>
  <testcase name="login" time="0.000" classname="com.externalApi.Dumps"/>
  <testcase name="login" time="0.001" classname="com.externalApi.Dumps"/>
  <testcase name="login" time="0.000" classname="com.externalApi.Dumps"/>
  <testcase name="login" time="0.000" classname="com.externalApi.Dumps"/>
  <testcase name="login" time="0.000" classname="com.externalApi.Dumps"/>
  <testcase name="login" time="0.000" classname="com.externalApi.Dumps"/>
  <testcase name="login" time="0.001" classname="com.externalApi.Dumps"/>
  <testcase name="login" time="0.000" classname="com.externalApi.Dumps"/>
  <testcase name="login" time="0.001" classname="com.externalApi.Dumps"/>
  <testcase name="login" time="0.002" classname="com.externalApi.Dumps"/>
  <testcase name="login" time="0.000" classname="com.externalApi.Dumps"/>
  <testcase name="login" time="0.000" classname="com.externalApi.Dumps"/>
  <testcase name="login" time="0.000" classname="com.externalApi.Dumps"/>
  <testcase name="login" time="0.001" classname="com.externalApi.Dumps"/>
  <testcase name="login" time="0.001" classname="com.externalApi.Dumps"/>
  <testcase name="login" time="0.000" classname="com.externalApi.Dumps"/>
  <testcase name="login" time="0.001" classname="com.externalApi.Dumps"/>
  <testcase name="login" time="0.000" classname="com.externalApi.Dumps"/>
  <testcase name="login" time="0.000" classname="com.externalApi.Dumps"/>
  <testcase name="login" time="0.000" classname="com.externalApi.Dumps"/>
  <testcase name="login" time="0.000" classname="com.externalApi.Dumps"/>
  <testcase name="login" time="0.000" classname="com.externalApi.Dumps"/>
  <testcase name="login" time="0.000" classname="com.externalApi.Dumps"/>
  <testcase name="login" time="0.000" classname="com.externalApi.Dumps"/>
  <testcase name="login" time="0.000" classname="com.externalApi.Dumps"/>
  <testcase name="login" time="0.002" classname="com.externalApi.Dumps"/>
  <testcase name="login" time="0.001" classname="com.externalApi.Dumps"/>
  <testcase name="login" time="0.002" classname="com.externalApi.Dumps"/>
  <testcase name="login" time="0.001" classname="com.externalApi.Dumps"/>
  <testcase name="login" time="0.001" classname="com.externalApi.Dumps"/>
  <testcase name="login" time="0.001" classname="com.externalApi.Dumps"/>
  <testcase name="login" time="0.001" classname="com.externalApi.Dumps"/>
  <testcase name="login" time="0.001" classname="com.externalApi.Dumps"/>
  <testcase name="login" time="0.001" classname="com.externalApi.Dumps"/>
  <testcase name="login" time="0.000" classname="com.externalApi.Dumps"/>
  <testcase name="login" time="0.001" classname="com.externalApi.Dumps"/>
  <testcase name="login" time="0.012" classname="com.externalApi.Dumps"/>
  <testcase name="login" time="0.000" classname="com.externalApi.Dumps"/>
  <testcase name="login" time="0.000" classname="com.externalApi.Dumps"/>
  <testcase name="login" time="0.001" classname="com.externalApi.Dumps"/>
  <testcase name="login" time="0.001" classname="com.externalApi.Dumps"/>
  <testcase name="login" time="0.000" classname="com.externalApi.Dumps"/>
  <testcase name="login" time="0.000" classname="com.externalApi.Dumps"/>
  <testcase name="login" time="0.001" classname="com.externalApi.Dumps"/>
  <testcase name="login" time="0.003" classname="com.externalApi.Dumps"/>
  <testcase name="login" time="0.001" classname="com.externalApi.Dumps"/>
  <testcase name="login" time="0.001" classname="com.externalApi.Dumps"/>
  <testcase name="login" time="0.001" classname="com.externalApi.Dumps"/>
  <testcase name="login" time="0.001" classname="com.externalApi.Dumps"/>
  <testcase name="login" time="0.001" classname="com.externalApi.Dumps"/>
  <testcase name="login" time="0.001" classname="com.externalApi.Dumps"/>
  <testcase name="login" time="0.001" classname="com.externalApi.Dumps"/>
  <testcase name="login" time="0.000" classname="com.externalApi.Dumps"/>
  <testcase name="login" time="0.001" classname="com.externalApi.Dumps"/>
  <testcase name="login" time="0.001" classname="com.externalApi.Dumps"/>
  <testcase name="login" time="0.000" classname="com.externalApi.Dumps"/>
  <testcase name="login" time="0.001" classname="com.externalApi.Dumps"/>
  <testcase name="login" time="0.000" classname="com.externalApi.Dumps"/>
  <testcase name="login" time="0.001" classname="com.externalApi.Dumps"/>
  <testcase name="login" time="0.001" classname="com.externalApi.Dumps"/>
  <testcase name="login" time="0.001" classname="com.externalApi.Dumps"/>
  <testcase name="login" time="0.001" classname="com.externalApi.Dumps"/>
  <testcase name="login" time="0.000" classname="com.externalApi.Dumps"/>
  <testcase name="login" time="0.001" classname="com.externalApi.Dumps"/>
  <testcase name="login" time="0.000" classname="com.externalApi.Dumps"/>
  <testcase name="login" time="0.001" classname="com.externalApi.Dumps"/>
  <testcase name="login" time="0.001" classname="com.externalApi.Dumps"/>
  <testcase name="login" time="0.001" classname="com.externalApi.Dumps"/>
  <testcase name="login" time="0.000" classname="com.externalApi.Dumps"/>
  <testcase name="login" time="0.000" classname="com.externalApi.Dumps"/>
  <testcase name="login" time="0.000" classname="com.externalApi.Dumps"/>
  <testcase name="login" time="0.001" classname="com.externalApi.Dumps"/>
  <testcase name="login" time="0.000" classname="com.externalApi.Dumps"/>
  <testcase name="login" time="0.000" classname="com.externalApi.Dumps"/>
  <testcase name="login" time="0.000" classname="com.externalApi.Dumps"/>
  <testcase name="login" time="0.001" classname="com.externalApi.Dumps"/>
  <testcase name="login" time="0.001" classname="com.externalApi.Dumps"/>
  <testcase name="login" time="0.000" classname="com.externalApi.Dumps"/>
  <testcase name="login" time="0.112" classname="com.externalApi.Dumps"/>
  <testcase name="login" time="0.001" classname="com.externalApi.Dumps"/>
  <testcase name="login" time="0.126" classname="com.externalApi.Dumps"/>
  <testcase name="login" time="0.001" classname="com.externalApi.Dumps"/>
  <testcase name="login" time="0.000" classname="com.externalApi.Dumps"/>
  <testcase name="login" time="0.000" classname="com.externalApi.Dumps"/>
  <testcase name="login" time="0.000" classname="com.externalApi.Dumps"/>
  <testcase name="login" time="0.001" classname="com.externalApi.Dumps"/>
  <testcase name="login" time="0.002" classname="com.externalApi.Dumps"/>
  <testcase name="login" time="0.000" classname="com.externalApi.Dumps"/>
  <testcase name="login" time="0.002" classname="com.externalApi.Dumps"/>
  <testcase name="login" time="0.001" classname="com.externalApi.Dumps"/>
  <testcase name="login" time="0.001" classname="com.externalApi.Dumps"/>
  <testcase name="login" time="0.000" classname="com.externalApi.Dumps"/>
  <testcase name="login" time="0.000" classname="com.externalApi.Dumps"/>
  <testcase name="login" time="0.000" classname="com.externalApi.Dumps"/>
  <testcase name="login" time="0.001" classname="com.externalApi.Dumps"/>
  <testcase name="login" time="0.001" classname="com.externalApi.Dumps"/>
  <testcase name="login" time="0.001" classname="com.externalApi.Dumps"/>
  <testcase name="login" time="0.000" classname="com.externalApi.Dumps"/>
  <testcase name="login" time="0.001" classname="com.externalApi.Dumps"/>
  <testcase name="login" time="0.000" classname="com.externalApi.Dumps"/>
  <testcase name="login" time="0.000" classname="com.externalApi.Dumps"/>
  <testcase name="login" time="0.000" classname="com.externalApi.Dumps"/>
  <testcase name="login" time="0.001" classname="com.externalApi.Dumps"/>
  <testcase name="login" time="0.000" classname="com.externalApi.Dumps"/>
  <testcase name="login" time="0.001" classname="com.externalApi.Dumps"/>
  <testcase name="login" time="0.000" classname="com.externalApi.Dumps"/>
  <testcase name="login" time="0.000" classname="com.externalApi.Dumps"/>
  <testcase name="login" time="0.001" classname="com.externalApi.Dumps"/>
  <testcase name="login" time="0.000" classname="com.externalApi.Dumps"/>
  <testcase name="login" time="0.002" classname="com.externalApi.Dumps"/>
  <testcase name="login" time="0.000" classname="com.externalApi.Dumps"/>
  <testcase name="login" time="0.000" classname="com.externalApi.Dumps"/>
  <testcase name="login" time="0.000" classname="com.externalApi.Dumps"/>
  <testcase name="login" time="0.001" classname="com.externalApi.Dumps"/>
  <testcase name="login" time="0.001" classname="com.externalApi.Dumps"/>
  <testcase name="login" time="0.000" classname="com.externalApi.Dumps"/>
  <testcase name="login" time="0.001" classname="com.externalApi.Dumps"/>
  <testcase name="login" time="0.000" classname="com.externalApi.Dumps"/>
  <testcase name="login" time="0.000" classname="com.externalApi.Dumps"/>
  <testcase name="login" time="0.000" classname="com.externalApi.Dumps"/>
  <testcase name="login" time="0.000" classname="com.externalApi.Dumps"/>
  <testcase name="login" time="0.000" classname="com.externalApi.Dumps"/>
  <testcase name="login" time="0.001" classname="com.externalApi.Dumps"/>
  <testcase name="login" time="0.000" classname="com.externalApi.Dumps"/>
  <testcase name="login" time="0.001" classname="com.externalApi.Dumps"/>
  <testcase name="login" time="0.001" classname="com.externalApi.Dumps"/>
  <testcase name="login" time="0.000" classname="com.externalApi.Dumps"/>
  <testcase name="login" time="0.001" classname="com.externalApi.Dumps"/>
  <testcase name="login" time="0.001" classname="com.externalApi.Dumps"/>
  <testcase name="login" time="0.001" classname="com.externalApi.Dumps"/>
  <testcase name="login" time="0.001" classname="com.externalApi.Dumps"/>
  <testcase name="login" time="0.001" classname="com.externalApi.Dumps"/>
  <testcase name="login" time="0.002" classname="com.externalApi.Dumps"/>
  <testcase name="login" time="0.003" classname="com.externalApi.Dumps"/>
  <testcase name="login" time="0.000" classname="com.externalApi.Dumps"/>
  <testcase name="login" time="0.000" classname="com.externalApi.Dumps"/>
  <testcase name="login" time="0.001" classname="com.externalApi.Dumps"/>
  <testcase name="login" time="0.000" classname="com.externalApi.Dumps"/>
  <testcase name="login" time="0.001" classname="com.externalApi.Dumps"/>
  <testcase name="login" time="0.000" classname="com.externalApi.Dumps"/>
  <testcase name="login" time="0.000" classname="com.externalApi.Dumps"/>
  <testcase name="login" time="0.000" classname="com.externalApi.Dumps"/>
  <testcase name="login" time="0.001" classname="com.externalApi.Dumps"/>
  <testcase name="login" time="0.001" classname="com.externalApi.Dumps"/>
  <testcase name="login" time="0.000" classname="com.externalApi.Dumps"/>
  <testcase name="login" time="0.001" classname="com.externalApi.Dumps"/>
  <testcase name="login" time="0.000" classname="com.externalApi.Dumps"/>
  <testcase name="login" time="0.000" classname="com.externalApi.Dumps"/>
  <testcase name="login" time="0.000" classname="com.externalApi.Dumps"/>
  <testcase name="login" time="0.001" classname="com.externalApi.Dumps"/>
  <testcase name="login" time="0.001" classname="com.externalApi.Dumps"/>
  <testcase name="login" time="0.001" classname="com.externalApi.Dumps"/>
  <testcase name="login" time="0.001" classname="com.externalApi.Dumps"/>
  <testcase name="login" time="0.000" classname="com.externalApi.Dumps"/>
  <testcase name="login" time="0.000" classname="com.externalApi.Dumps"/>
  <testcase name="login" time="0.000" classname="com.externalApi.Dumps"/>
  <testcase name="login" time="0.001" classname="com.externalApi.Dumps"/>
  <testcase name="login" time="0.001" classname="com.externalApi.Dumps"/>
  <testcase name="login" time="0.000" classname="com.externalApi.Dumps"/>
  <testcase name="login" time="0.001" classname="com.externalApi.Dumps"/>
  <testcase name="login" time="0.001" classname="com.externalApi.Dumps"/>
  <testcase name="login" time="0.000" classname="com.externalApi.Dumps"/>
  <testcase name="login" time="0.000" classname="com.externalApi.Dumps"/>
  <testcase name="login" time="0.000" classname="com.externalApi.Dumps"/>
  <testcase name="login" time="0.001" classname="com.externalApi.Dumps"/>
  <testcase name="login" time="0.002" classname="com.externalApi.Dumps"/>
  <testcase name="login" time="0.000" classname="com.externalApi.Dumps"/>
  <testcase name="login" time="0.001" classname="com.externalApi.Dumps"/>
  <testcase name="login" time="0.000" classname="com.externalApi.Dumps"/>
  <testcase name="login" time="0.000" classname="com.externalApi.Dumps"/>
  <testcase name="login" time="0.000" classname="com.externalApi.Dumps"/>
  <testcase name="login" time="0.001" classname="com.externalApi.Dumps"/>
  <testcase name="login" time="0.001" classname="com.externalApi.Dumps"/>
  <testcase name="login" time="0.000" classname="com.externalApi.Dumps"/>
  <testcase name="login" time="0.001" classname="com.externalApi.Dumps"/>
  <testcase name="login" time="0.001" classname="com.externalApi.Dumps"/>
  <testcase name="login" time="0.000" classname="com.externalApi.Dumps"/>
  <testcase name="login" time="0.002" classname="com.externalApi.Dumps"/>
  <testcase name="login" time="0.001" classname="com.externalApi.Dumps"/>
  <testcase name="login" time="0.001" classname="com.externalApi.Dumps"/>
  <testcase name="login" time="0.000" classname="com.externalApi.Dumps"/>
  <testcase name="login" time="0.001" classname="com.externalApi.Dumps"/>
  <testcase name="login" time="0.000" classname="com.externalApi.Dumps"/>
  <testcase name="login" time="0.001" classname="com.externalApi.Dumps"/>
  <testcase name="login" time="0.001" classname="com.externalApi.Dumps"/>
  <testcase name="login" time="0.001" classname="com.externalApi.Dumps"/>
  <testcase name="login" time="0.001" classname="com.externalApi.Dumps"/>
  <testcase name="login" time="0.000" classname="com.externalApi.Dumps"/>
  <testcase name="login" time="0.002" classname="com.externalApi.Dumps"/>
  <testcase name="login" time="0.001" classname="com.externalApi.Dumps"/>
  <testcase name="login" time="0.005" classname="com.externalApi.Dumps"/>
  <testcase name="login" time="0.000" classname="com.externalApi.Dumps"/>
  <testcase name="login" time="0.001" classname="com.externalApi.Dumps"/>
  <testcase name="login" time="0.000" classname="com.externalApi.Dumps"/>
  <testcase name="login" time="0.001" classname="com.externalApi.Dumps"/>
  <testcase name="login" time="0.001" classname="com.externalApi.Dumps"/>
  <testcase name="login" time="0.002" classname="com.externalApi.Dumps"/>
  <testcase name="login" time="0.000" classname="com.externalApi.Dumps"/>
  <testcase name="login" time="0.001" classname="com.externalApi.Dumps"/>
  <testcase name="login" time="0.000" classname="com.externalApi.Dumps"/>
  <testcase name="login" time="0.001" classname="com.externalApi.Dumps"/>
  <testcase name="login" time="0.000" classname="com.externalApi.Dumps"/>
  <testcase name="login" time="0.001" classname="com.externalApi.Dumps"/>
  <testcase name="login" time="0.000" classname="com.externalApi.Dumps"/>
  <testcase name="login" time="0.000" classname="com.externalApi.Dumps"/>
  <testcase name="login" time="0.001" classname="com.externalApi.Dumps"/>
  <testcase name="login" time="0.001" classname="com.externalApi.Dumps"/>
  <testcase name="login" time="0.001" classname="com.externalApi.Dumps"/>
  <testcase name="login" time="0.002" classname="com.externalApi.Dumps"/>
  <testcase name="login" time="0.000" classname="com.externalApi.Dumps"/>
  <testcase name="login" time="0.000" classname="com.externalApi.Dumps"/>
  <testcase name="login" time="0.001" classname="com.externalApi.Dumps"/>
  <testcase name="login" time="0.001" classname="com.externalApi.Dumps"/>
  <testcase name="login" time="0.001" classname="com.externalApi.Dumps"/>
  <testcase name="login" time="0.000" classname="com.externalApi.Dumps"/>
  <testcase name="login" time="0.000" classname="com.externalApi.Dumps"/>
  <testcase name="login" time="0.000" classname="com.externalApi.Dumps"/>
  <testcase name="login" time="0.002" classname="com.externalApi.Dumps"/>
  <testcase name="login" time="0.000" classname="com.externalApi.Dumps"/>
  <testcase name="login" time="0.000" classname="com.externalApi.Dumps"/>
  <testcase name="login" time="0.001" classname="com.externalApi.Dumps"/>
  <testcase name="login" time="0.000" classname="com.externalApi.Dumps"/>
  <testcase name="login" time="0.002" classname="com.externalApi.Dumps"/>
  <testcase name="login" time="0.000" classname="com.externalApi.Dumps"/>
  <testcase name="login" time="0.000" classname="com.externalApi.Dumps"/>
  <testcase name="login" time="0.000" classname="com.externalApi.Dumps"/>
  <testcase name="login" time="0.001" classname="com.externalApi.Dumps"/>
  <testcase name="login" time="0.000" classname="com.externalApi.Dumps"/>
  <testcase name="login" time="0.000" classname="com.externalApi.Dumps"/>
  <testcase name="login" time="0.003" classname="com.externalApi.Dumps"/>
  <testcase name="login" time="0.001" classname="com.externalApi.Dumps"/>
  <testcase name="login" time="0.000" classname="com.externalApi.Dumps"/>
  <testcase name="login" time="0.000" classname="com.externalApi.Dumps"/>
  <testcase name="login" time="0.001" classname="com.externalApi.Dumps"/>
  <testcase name="login" time="0.000" classname="com.externalApi.Dumps"/>
  <testcase name="login" time="0.000" classname="com.externalApi.Dumps"/>
  <testcase name="login" time="0.000" classname="com.externalApi.Dumps"/>
  <testcase name="login" time="0.001" classname="com.externalApi.Dumps"/>
  <testcase name="login" time="0.000" classname="com.externalApi.Dumps"/>
  <testcase name="login" time="0.000" classname="com.externalApi.Dumps"/>
  <testcase name="login" time="0.001" classname="com.externalApi.Dumps"/>
  <testcase name="login" time="0.001" classname="com.externalApi.Dumps"/>
  <testcase name="login" time="0.002" classname="com.externalApi.Dumps"/>
  <testcase name="login" time="0.002" classname="com.externalApi.Dumps"/>
  <testcase name="login" time="0.000" classname="com.externalApi.Dumps"/>
  <testcase name="login" time="0.001" classname="com.externalApi.Dumps"/>
  <testcase name="login" time="0.001" classname="com.externalApi.Dumps"/>
  <testcase name="login" time="0.001" classname="com.externalApi.Dumps"/>
  <testcase name="login" time="0.001" classname="com.externalApi.Dumps"/>
  <testcase name="login" time="0.001" classname="com.externalApi.Dumps"/>
  <testcase name="login" time="0.007" classname="com.externalApi.Dumps"/>
  <testcase name="login" time="0.001" classname="com.externalApi.Dumps"/>
  <testcase name="login" time="0.001" classname="com.externalApi.Dumps"/>
  <testcase name="login" time="0.001" classname="com.externalApi.Dumps"/>
  <testcase name="login" time="0.001" classname="com.externalApi.Dumps"/>
  <testcase name="login" time="0.001" classname="com.externalApi.Dumps"/>
  <testcase name="login" time="0.001" classname="com.externalApi.Dumps"/>
  <testcase name="login" time="0.002" classname="com.externalApi.Dumps"/>
  <testcase name="login" time="0.000" classname="com.externalApi.Dumps"/>
  <testcase name="login" time="0.001" classname="com.externalApi.Dumps"/>
  <testcase name="login" time="0.001" classname="com.externalApi.Dumps"/>
  <testcase name="login" time="0.002" classname="com.externalApi.Dumps"/>
  <testcase name="login" time="0.001" classname="com.externalApi.Dumps"/>
  <testcase name="login" time="0.000" classname="com.externalApi.Dumps"/>
  <testcase name="login" time="0.001" classname="com.externalApi.Dumps"/>
  <testcase name="login" time="0.039" classname="com.externalApi.Dumps"/>
  <testcase name="login" time="0.001" classname="com.externalApi.Dumps"/>
  <testcase name="login" time="0.000" classname="com.externalApi.Dumps"/>
  <testcase name="login" time="0.000" classname="com.externalApi.Dumps"/>
  <testcase name="login" time="0.000" classname="com.externalApi.Dumps"/>
  <testcase name="login" time="0.001" classname="com.externalApi.Dumps"/>
  <testcase name="login" time="0.000" classname="com.externalApi.Dumps"/>
  <testcase name="login" time="0.002" classname="com.externalApi.Dumps"/>
  <testcase name="login" time="0.002" classname="com.externalApi.Dumps"/>
  <testcase name="login" time="0.001" classname="com.externalApi.Dumps"/>
  <testcase name="login" time="0.000" classname="com.externalApi.Dumps"/>
  <testcase name="login" time="0.000" classname="com.externalApi.Dumps"/>
  <testcase name="login" time="0.001" classname="com.externalApi.Dumps"/>
  <testcase name="login" time="0.076" classname="com.externalApi.Dumps"/>
  <testcase name="login" time="0.000" classname="com.externalApi.Dumps"/>
  <testcase name="login" time="0.000" classname="com.externalApi.Dumps"/>
  <testcase name="login" time="0.000" classname="com.externalApi.Dumps"/>
  <testcase name="login" time="0.001" classname="com.externalApi.Dumps"/>
  <testcase name="login" time="0.000" classname="com.externalApi.Dumps"/>
  <testcase name="login" time="0.001" classname="com.externalApi.Dumps"/>
  <testcase name="login" time="0.000" classname="com.externalApi.Dumps"/>
  <testcase name="login" time="0.000" classname="com.externalApi.Dumps"/>
  <testcase name="login" time="0.001" classname="com.externalApi.Dumps"/>
  <testcase name="login" time="0.000" classname="com.externalApi.Dumps"/>
  <testcase name="login" time="0.002" classname="com.externalApi.Dumps"/>
  <testcase name="login" time="0.000" classname="com.externalApi.Dumps"/>
  <testcase name="login" time="0.001" classname="com.externalApi.Dumps"/>
  <testcase name="login" time="0.001" classname="com.externalApi.Dumps"/>
  <testcase name="login" time="0.001" classname="com.externalApi.Dumps"/>
  <testcase name="login" time="0.002" classname="com.externalApi.Dumps"/>
  <testcase name="login" time="0.000" classname="com.externalApi.Dumps"/>
  <testcase name="login" time="0.001" classname="com.externalApi.Dumps"/>
  <testcase name="login" time="0.001" classname="com.externalApi.Dumps"/>
  <testcase name="login" time="0.001" classname="com.externalApi.Dumps"/>
  <testcase name="login" time="0.001" classname="com.externalApi.Dumps"/>
  <testcase name="login" time="0.000" classname="com.externalApi.Dumps"/>
  <testcase name="login" time="0.001" classname="com.externalApi.Dumps"/>
  <testcase name="login" time="0.001" classname="com.externalApi.Dumps"/>
  <testcase name="login" time="0.000" classname="com.externalApi.Dumps"/>
  <testcase name="login" time="0.001" classname="com.externalApi.Dumps"/>
  <testcase name="login" time="0.001" classname="com.externalApi.Dumps"/>
  <testcase name="login" time="0.000" classname="com.externalApi.Dumps"/>
  <testcase name="login" time="0.000" classname="com.externalApi.Dumps"/>
  <testcase name="login" time="0.001" classname="com.externalApi.Dumps"/>
  <testcase name="login" time="0.001" classname="com.externalApi.Dumps"/>
  <testcase name="login" time="0.001" classname="com.externalApi.Dumps"/>
  <testcase name="login" time="0.000" classname="com.externalApi.Dumps"/>
  <testcase name="login" time="0.001" classname="com.externalApi.Dumps"/>
  <testcase name="login" time="0.000" classname="com.externalApi.Dumps"/>
  <testcase name="login" time="0.006" classname="com.externalApi.Dumps"/>
  <testcase name="login" time="0.000" classname="com.externalApi.Dumps"/>
  <testcase name="login" time="0.000" classname="com.externalApi.Dumps"/>
  <testcase name="login" time="0.001" classname="com.externalApi.Dumps"/>
  <testcase name="login" time="0.000" classname="com.externalApi.Dumps"/>
  <testcase name="login" time="0.001" classname="com.externalApi.Dumps"/>
  <testcase name="login" time="0.000" classname="com.externalApi.Dumps"/>
  <testcase name="login" time="0.000" classname="com.externalApi.Dumps"/>
  <testcase name="login" time="0.001" classname="com.externalApi.Dumps"/>
  <testcase name="login" time="0.000" classname="com.externalApi.Dumps"/>
  <testcase name="login" time="0.000" classname="com.externalApi.Dumps"/>
  <testcase name="login" time="0.000" classname="com.externalApi.Dumps"/>
  <testcase name="login" time="0.001" classname="com.externalApi.Dumps"/>
  <testcase name="login" time="0.001" classname="com.externalApi.Dumps"/>
  <testcase name="login" time="0.001" classname="com.externalApi.Dumps"/>
  <testcase name="login" time="0.001" classname="com.externalApi.Dumps"/>
  <testcase name="login" time="0.000" classname="com.externalApi.Dumps"/>
  <testcase name="login" time="0.000" classname="com.externalApi.Dumps"/>
  <testcase name="login" time="0.001" classname="com.externalApi.Dumps"/>
  <testcase name="login" time="0.001" classname="com.externalApi.Dumps"/>
  <testcase name="login" time="0.000" classname="com.externalApi.Dumps"/>
  <testcase name="login" time="0.134" classname="com.externalApi.Dumps"/>
  <testcase name="login" time="0.000" classname="com.externalApi.Dumps"/>
  <testcase name="login" time="0.001" classname="com.externalApi.Dumps"/>
  <testcase name="login" time="0.000" classname="com.externalApi.Dumps"/>
  <testcase name="login" time="0.000" classname="com.externalApi.Dumps"/>
  <testcase name="login" time="0.000" classname="com.externalApi.Dumps"/>
  <testcase name="login" time="0.000" classname="com.externalApi.Dumps"/>
  <testcase name="login" time="0.001" classname="com.externalApi.Dumps"/>
  <testcase name="login" time="0.000" classname="com.externalApi.Dumps"/>
  <testcase name="login" time="0.000" classname="com.externalApi.Dumps"/>
  <testcase name="login" time="0.000" classname="com.externalApi.Dumps"/>
  <testcase name="login" time="0.002" classname="com.externalApi.Dumps"/>
  <testcase name="login" time="0.001" classname="com.externalApi.Dumps"/>
  <testcase name="login" time="0.001" classname="com.externalApi.Dumps"/>
  <testcase name="login" time="0.000" classname="com.externalApi.Dumps"/>
  <testcase name="login" time="0.000" classname="com.externalApi.Dumps"/>
  <testcase name="login" time="0.000" classname="com.externalApi.Dumps"/>
  <testcase name="login" time="0.001" classname="com.externalApi.Dumps"/>
  <testcase name="login" time="0.001" classname="com.externalApi.Dumps"/>
  <testcase name="login" time="0.235" classname="com.externalApi.Dumps"/>
  <testcase name="login" time="0.000" classname="com.externalApi.Dumps"/>
  <testcase name="login" time="0.000" classname="com.externalApi.Dumps"/>
  <testcase name="login" time="0.001" classname="com.externalApi.Dumps"/>
  <testcase name="login" time="0.000" classname="com.externalApi.Dumps"/>
  <testcase name="login" time="0.001" classname="com.externalApi.Dumps"/>
  <testcase name="login" time="0.000" classname="com.externalApi.Dumps"/>
  <testcase name="login" time="0.000" classname="com.externalApi.Dumps"/>
  <testcase name="login" time="0.000" classname="com.externalApi.Dumps"/>
  <testcase name="login" time="0.000" classname="com.externalApi.Dumps"/>
  <testcase name="login" time="0.000" classname="com.externalApi.Dumps"/>
  <testcase name="login" time="0.000" classname="com.externalApi.Dumps"/>
  <testcase name="login" time="0.001" classname="com.externalApi.Dumps"/>
  <testcase name="login" time="0.001" classname="com.externalApi.Dumps"/>
  <testcase name="login" time="0.003" classname="com.externalApi.Dumps"/>
  <testcase name="login" time="0.000" classname="com.externalApi.Dumps"/>
  <testcase name="login" time="0.000" classname="com.externalApi.Dumps"/>
  <testcase name="login" time="0.000" classname="com.externalApi.Dumps"/>
  <testcase name="login" time="0.002" classname="com.externalApi.Dumps"/>
  <testcase name="login" time="0.000" classname="com.externalApi.Dumps"/>
  <testcase name="login" time="0.000" classname="com.externalApi.Dumps"/>
  <testcase name="login" time="0.000" classname="com.externalApi.Dumps"/>
  <testcase name="login" time="0.001" classname="com.externalApi.Dumps"/>
  <testcase name="login" time="0.000" classname="com.externalApi.Dumps"/>
  <testcase name="login" time="0.001" classname="com.externalApi.Dumps"/>
  <testcase name="login" time="0.000" classname="com.externalApi.Dumps"/>
  <testcase name="login" time="0.000" classname="com.externalApi.Dumps"/>
  <testcase name="login" time="0.002" classname="com.externalApi.Dumps"/>
  <testcase name="login" time="0.000" classname="com.externalApi.Dumps"/>
  <testcase name="login" time="0.000" classname="com.externalApi.Dumps"/>
  <testcase name="login" time="0.003" classname="com.externalApi.Dumps"/>
  <testcase name="login" time="0.001" classname="com.externalApi.Dumps"/>
  <testcase name="login" time="0.000" classname="com.externalApi.Dumps"/>
  <testcase name="login" time="0.000" classname="com.externalApi.Dumps"/>
  <testcase name="login" time="0.002" classname="com.externalApi.Dumps"/>
  <testcase name="login" time="0.000" classname="com.externalApi.Dumps"/>
  <testcase name="login" time="0.000" classname="com.externalApi.Dumps"/>
  <testcase name="login" time="0.000" classname="com.externalApi.Dumps"/>
  <testcase name="login" time="0.000" classname="com.externalApi.Dumps"/>
  <testcase name="login" time="0.000" classname="com.externalApi.Dumps"/>
  <testcase name="login" time="0.002" classname="com.externalApi.Dumps"/>
  <testcase name="login" time="0.001" classname="com.externalApi.Dumps"/>
  <testcase name="login" time="0.001" classname="com.externalApi.Dumps"/>
  <testcase name="login" time="0.001" classname="com.externalApi.Dumps"/>
  <testcase name="login" time="0.002" classname="com.externalApi.Dumps"/>
  <testcase name="login" time="0.000" classname="com.externalApi.Dumps"/>
  <testcase name="login" time="0.001" classname="com.externalApi.Dumps"/>
  <testcase name="login" time="0.001" classname="com.externalApi.Dumps"/>
  <testcase name="login" time="0.000" classname="com.externalApi.Dumps"/>
  <testcase name="login" time="0.001" classname="com.externalApi.Dumps"/>
  <testcase name="login" time="0.001" classname="com.externalApi.Dumps"/>
  <testcase name="login" time="0.001" classname="com.externalApi.Dumps"/>
  <testcase name="login" time="0.001" classname="com.externalApi.Dumps"/>
  <testcase name="login" time="0.000" classname="com.externalApi.Dumps"/>
  <testcase name="login" time="0.002" classname="com.externalApi.Dumps"/>
  <testcase name="login" time="0.001" classname="com.externalApi.Dumps"/>
  <testcase name="login" time="0.002" classname="com.externalApi.Dumps"/>
  <testcase name="login" time="0.001" classname="com.externalApi.Dumps"/>
  <testcase name="login" time="0.001" classname="com.externalApi.Dumps"/>
  <testcase name="login" time="0.000" classname="com.externalApi.Dumps"/>
  <testcase name="login" time="0.001" classname="com.externalApi.Dumps"/>
  <testcase name="login" time="0.000" classname="com.externalApi.Dumps"/>
  <testcase name="login" time="0.000" classname="com.externalApi.Dumps"/>
  <testcase name="login" time="0.000" classname="com.externalApi.Dumps"/>
  <testcase name="login" time="0.002" classname="com.externalApi.Dumps"/>
  <testcase name="login" time="0.000" classname="com.externalApi.Dumps"/>
  <testcase name="login" time="0.113" classname="com.externalApi.Dumps"/>
  <testcase name="login" time="0.001" classname="com.externalApi.Dumps"/>
  <testcase name="login" time="0.001" classname="com.externalApi.Dumps"/>
  <testcase name="login" time="0.000" classname="com.externalApi.Dumps"/>
  <testcase name="login" time="0.000" classname="com.externalApi.Dumps"/>
  <testcase name="login" time="0.000" classname="com.externalApi.Dumps"/>
  <testcase name="login" time="0.000" classname="com.externalApi.Dumps"/>
  <testcase name="login" time="0.000" classname="com.externalApi.Dumps"/>
  <testcase name="login" time="0.001" classname="com.externalApi.Dumps"/>
  <testcase name="login" time="0.001" classname="com.externalApi.Dumps"/>
  <testcase name="login" time="0.000" classname="com.externalApi.Dumps"/>
  <testcase name="login" time="0.000" classname="com.externalApi.Dumps"/>
  <testcase name="login" time="0.001" classname="com.externalApi.Dumps"/>
  <testcase name="login" time="0.001" classname="com.externalApi.Dumps"/>
  <testcase name="login" time="0.000" classname="com.externalApi.Dumps"/>
  <testcase name="login" time="0.001" classname="com.externalApi.Dumps"/>
  <testcase name="login" time="0.000" classname="com.externalApi.Dumps"/>
  <testcase name="login" time="0.000" classname="com.externalApi.Dumps"/>
  <testcase name="login" time="0.001" classname="com.externalApi.Dumps"/>
  <testcase name="login" time="0.001" classname="com.externalApi.Dumps"/>
  <testcase name="login" time="0.001" classname="com.externalApi.Dumps"/>
  <testcase name="login" time="0.000" classname="com.externalApi.Dumps"/>
  <testcase name="login" time="0.001" classname="com.externalApi.Dumps"/>
  <testcase name="login" time="0.000" classname="com.externalApi.Dumps"/>
  <testcase name="login" time="0.001" classname="com.externalApi.Dumps"/>
  <testcase name="login" time="0.030" classname="com.externalApi.Dumps"/>
  <testcase name="login" time="0.001" classname="com.externalApi.Dumps"/>
  <testcase name="login" time="0.001" classname="com.externalApi.Dumps"/>
  <testcase name="login" time="0.000" classname="com.externalApi.Dumps"/>
  <testcase name="login" time="0.000" classname="com.externalApi.Dumps"/>
  <testcase name="login" time="0.000" classname="com.externalApi.Dumps"/>
  <testcase name="login" time="0.000" classname="com.externalApi.Dumps"/>
  <testcase name="login" time="0.001" classname="com.externalApi.Dumps"/>
  <testcase name="login" time="0.000" classname="com.externalApi.Dumps"/>
  <testcase name="login" time="0.001" classname="com.externalApi.Dumps"/>
  <testcase name="login" time="0.001" classname="com.externalApi.Dumps"/>
  <testcase name="login" time="0.000" classname="com.externalApi.Dumps"/>
  <testcase name="login" time="0.001" classname="com.externalApi.Dumps"/>
  <testcase name="login" time="0.000" classname="com.externalApi.Dumps"/>
  <testcase name="login" time="0.002" classname="com.externalApi.Dumps"/>
  <testcase name="login" time="0.000" classname="com.externalApi.Dumps"/>
  <testcase name="login" time="0.000" classname="com.externalApi.Dumps"/>
  <testcase name="login" time="0.000" classname="com.externalApi.Dumps"/>
  <testcase name="login" time="0.000" classname="com.externalApi.Dumps"/>
  <testcase name="login" time="0.000" classname="com.externalApi.Dumps"/>
  <testcase name="login" time="0.001" classname="com.externalApi.Dumps"/>
  <testcase name="login" time="0.250" classname="com.externalApi.Dumps"/>
  <testcase name="login" time="0.001" classname="com.externalApi.Dumps"/>
  <testcase name="login" time="0.000" classname="com.externalApi.Dumps"/>
  <testcase name="login" time="0.002" classname="com.externalApi.Dumps"/>
  <testcase name="login" time="0.001" classname="com.externalApi.Dumps"/>
  <testcase name="login" time="0.001" classname="com.externalApi.Dumps"/>
  <testcase name="login" time="0.001" classname="com.externalApi.Dumps"/>
  <testcase name="login" time="0.000" classname="com.externalApi.Dumps"/>
  <testcase name="login" time="0.000" classname="com.externalApi.Dumps"/>
  <testcase name="login" time="0.001" classname="com.externalApi.Dumps"/>
  <testcase name="login" time="0.000" classname="com.externalApi.Dumps"/>
  <testcase name="login" time="0.000" classname="com.externalApi.Dumps"/>
  <testcase name="login" time="0.001" classname="com.externalApi.Dumps"/>
  <testcase name="login" time="0.001" classname="com.externalApi.Dumps"/>
  <testcase name="login" time="0.004" classname="com.externalApi.Dumps"/>
  <testcase name="login" time="0.002" classname="com.externalApi.Dumps"/>
  <testcase name="login" time="0.000" classname="com.externalApi.Dumps"/>
  <testcase name="login" time="0.001" classname="com.externalApi.Dumps"/>
  <testcase name="login" time="0.001" classname="com.externalApi.Dumps"/>
  <testcase name="login" time="0.001" classname="com.externalApi.Dumps"/>
  <testcase name="login" time="0.001" classname="com.externalApi.Dumps"/>
  <testcase name="login" time="0.001" classname="com.externalApi.Dumps"/>
  <testcase name="login" time="0.000" classname="com.externalApi.Dumps"/>
  <testcase name="login" time="0.000" classname="com.externalApi.Dumps"/>
  <testcase name="login" time="0.000" classname="com.externalApi.Dumps"/>
  <testcase name="login" time="0.000" classname="com.externalApi.Dumps"/>
  <testcase name="login" time="0.001" classname="com.externalApi.Dumps"/>
  <testcase name="login" time="0.001" classname="com.externalApi.Dumps"/>
  <testcase name="login" time="0.001" classname="com.externalApi.Dumps"/>
  <testcase name="login" time="0.000" classname="com.externalApi.Dumps"/>
  <testcase name="login" time="0.000" classname="com.externalApi.Dumps"/>
  <testcase name="login" time="0.000" classname="com.externalApi.Dumps"/>
  <testcase name="login" time="0.001" classname="com.externalApi.Dumps"/>
  <testcase name="login" time="0.000" classname="com.externalApi.Dumps"/>
  <testcase name="login" time="0.000" classname="com.externalApi.Dumps"/>
  <testcase name="login" time="0.000" classname="com.externalApi.Dumps"/>
  <testcase name="login" time="0.000" classname="com.externalApi.Dumps"/>
  <testcase name="login" time="0.001" classname="com.externalApi.Dumps"/>
  <testcase name="login" time="0.001" classname="com.externalApi.Dumps"/>
  <testcase name="login" time="0.001" classname="com.externalApi.Dumps"/>
  <testcase name="login" time="0.001" classname="com.externalApi.Dumps"/>
  <testcase name="login" time="0.000" classname="com.externalApi.Dumps"/>
  <testcase name="login" time="0.000" classname="com.externalApi.Dumps"/>
  <testcase name="login" time="0.000" classname="com.externalApi.Dumps"/>
  <testcase name="login" time="0.001" classname="com.externalApi.Dumps"/>
  <testcase name="login" time="0.002" classname="com.externalApi.Dumps"/>
  <testcase name="login" time="0.000" classname="com.externalApi.Dumps"/>
  <testcase name="login" time="0.000" classname="com.externalApi.Dumps"/>
  <testcase name="login" time="0.000" classname="com.externalApi.Dumps"/>
  <testcase name="login" time="0.001" classname="com.externalApi.Dumps"/>
  <testcase name="login" time="0.000" classname="com.externalApi.Dumps"/>
  <testcase name="login" time="0.001" classname="com.externalApi.Dumps"/>
  <testcase name="login" time="0.001" classname="com.externalApi.Dumps"/>
  <testcase name="login" time="0.001" classname="com.externalApi.Dumps"/>
  <testcase name="login" time="0.001" classname="com.externalApi.Dumps"/>
  <testcase name="login" time="0.000" classname="com.externalApi.Dumps"/>
  <testcase name="login" time="0.000" classname="com.externalApi.Dumps"/>
  <testcase name="login" time="0.001" classname="com.externalApi.Dumps"/>
  <testcase name="login" time="0.001" classname="com.externalApi.Dumps"/>
  <testcase name="login" time="0.000" classname="com.externalApi.Dumps"/>
  <testcase name="login" time="0.000" classname="com.externalApi.Dumps"/>
  <testcase name="login" time="0.001" classname="com.externalApi.Dumps"/>
  <testcase name="login" time="0.002" classname="com.externalApi.Dumps"/>
  <testcase name="login" time="0.000" classname="com.externalApi.Dumps"/>
  <testcase name="login" time="0.001" classname="com.externalApi.Dumps"/>
  <testcase name="login" time="0.000" classname="com.externalApi.Dumps"/>
  <testcase name="login" time="0.001" classname="com.externalApi.Dumps"/>
  <testcase name="login" time="0.001" classname="com.externalApi.Dumps"/>
  <testcase name="login" time="0.000" classname="com.externalApi.Dumps"/>
  <testcase name="login" time="0.002" classname="com.externalApi.Dumps"/>
  <testcase name="login" time="0.001" classname="com.externalApi.Dumps"/>
  <testcase name="login" time="0.001" classname="com.externalApi.Dumps"/>
  <testcase name="login" time="0.000" classname="com.externalApi.Dumps"/>
  <testcase name="login" time="0.001" classname="com.externalApi.Dumps"/>
  <testcase name="login" time="0.000" classname="com.externalApi.Dumps"/>
  <testcase name="login" time="0.000" classname="com.externalApi.Dumps"/>
  <testcase name="login" time="0.001" classname="com.externalApi.Dumps"/>
  <testcase name="login" time="0.001" classname="com.externalApi.Dumps"/>
  <testcase name="login" time="0.000" classname="com.externalApi.Dumps"/>
  <testcase name="login" time="0.000" classname="com.externalApi.Dumps"/>
  <testcase name="login" time="0.001" classname="com.externalApi.Dumps"/>
  <testcase name="login" time="0.001" classname="com.externalApi.Dumps"/>
  <testcase name="login" time="0.001" classname="com.externalApi.Dumps"/>
  <testcase name="login" time="0.001" classname="com.externalApi.Dumps"/>
  <testcase name="login" time="0.112" classname="com.externalApi.Dumps"/>
  <testcase name="login" time="0.001" classname="com.externalApi.Dumps"/>
  <testcase name="login" time="0.205" classname="com.externalApi.Dumps"/>
  <testcase name="login" time="0.000" classname="com.externalApi.Dumps"/>
  <testcase name="login" time="0.000" classname="com.externalApi.Dumps"/>
  <testcase name="login" time="0.000" classname="com.externalApi.Dumps"/>
  <testcase name="login" time="0.002" classname="com.externalApi.Dumps"/>
  <testcase name="login" time="0.002" classname="com.externalApi.Dumps"/>
  <testcase name="login" time="0.001" classname="com.externalApi.Dumps"/>
  <testcase name="login" time="0.000" classname="com.externalApi.Dumps"/>
  <testcase name="login" time="0.000" classname="com.externalApi.Dumps"/>
  <testcase name="login" time="0.002" classname="com.externalApi.Dumps"/>
  <testcase name="login" time="0.000" classname="com.externalApi.Dumps"/>
  <testcase name="login" time="0.001" classname="com.externalApi.Dumps"/>
  <testcase name="login" time="0.153" classname="com.externalApi.Dumps"/>
  <testcase name="login" time="0.001" classname="com.externalApi.Dumps"/>
  <testcase name="login" time="0.001" classname="com.externalApi.Dumps"/>
  <testcase name="login" time="0.001" classname="com.externalApi.Dumps"/>
  <testcase name="login" time="0.000" classname="com.externalApi.Dumps"/>
  <testcase name="login" time="0.001" classname="com.externalApi.Dumps"/>
  <testcase name="login" time="0.001" classname="com.externalApi.Dumps"/>
  <testcase name="login" time="0.000" classname="com.externalApi.Dumps"/>
  <testcase name="login" time="0.001" classname="com.externalApi.Dumps"/>
  <testcase name="login" time="0.000" classname="com.externalApi.Dumps"/>
  <testcase name="login" time="0.000" classname="com.externalApi.Dumps"/>
  <testcase name="login" time="0.000" classname="com.externalApi.Dumps"/>
  <testcase name="login" time="0.001" classname="com.externalApi.Dumps"/>
  <testcase name="login" time="0.001" classname="com.externalApi.Dumps"/>
  <testcase name="login" time="0.001" classname="com.externalApi.Dumps"/>
  <testcase name="login" time="0.000" classname="com.externalApi.Dumps"/>
  <testcase name="login" time="0.002" classname="com.externalApi.Dumps"/>
  <testcase name="login" time="0.000" classname="com.externalApi.Dumps"/>
  <testcase name="login" time="0.000" classname="com.externalApi.Dumps"/>
  <testcase name="login" time="0.000" classname="com.externalApi.Dumps"/>
  <testcase name="login" time="0.000" classname="com.externalApi.Dumps"/>
  <testcase name="login" time="0.000" classname="com.externalApi.Dumps"/>
  <testcase name="login" time="0.001" classname="com.externalApi.Dumps"/>
  <testcase name="login" time="0.002" classname="com.externalApi.Dumps"/>
  <testcase name="login" time="0.000" classname="com.externalApi.Dumps"/>
  <testcase name="login" time="0.000" classname="com.externalApi.Dumps"/>
  <testcase name="login" time="0.002" classname="com.externalApi.Dumps"/>
  <testcase name="login" time="0.000" classname="com.externalApi.Dumps"/>
  <testcase name="login" time="0.001" classname="com.externalApi.Dumps"/>
  <testcase name="login" time="0.001" classname="com.externalApi.Dumps"/>
  <testcase name="login" time="0.000" classname="com.externalApi.Dumps"/>
  <testcase name="login" time="0.000" classname="com.externalApi.Dumps"/>
  <testcase name="login" time="0.000" classname="com.externalApi.Dumps"/>
  <testcase name="login" time="0.001" classname="com.externalApi.Dumps"/>
  <testcase name="login" time="0.001" classname="com.externalApi.Dumps"/>
  <testcase name="login" time="0.000" classname="com.externalApi.Dumps"/>
  <testcase name="login" time="0.012" classname="com.externalApi.Dumps"/>
  <testcase name="login" time="0.001" classname="com.externalApi.Dumps"/>
  <testcase name="login" time="0.000" classname="com.externalApi.Dumps"/>
  <testcase name="login" time="0.001" classname="com.externalApi.Dumps"/>
  <testcase name="login" time="0.000" classname="com.externalApi.Dumps"/>
  <testcase name="login" time="0.001" classname="com.externalApi.Dumps"/>
  <testcase name="login" time="0.002" classname="com.externalApi.Dumps"/>
  <testcase name="login" time="0.000" classname="com.externalApi.Dumps"/>
  <testcase name="login" time="0.000" classname="com.externalApi.Dumps"/>
  <testcase name="login" time="0.000" classname="com.externalApi.Dumps"/>
  <testcase name="login" time="0.000" classname="com.externalApi.Dumps"/>
  <testcase name="login" time="0.001" classname="com.externalApi.Dumps"/>
  <testcase name="login" time="0.001" classname="com.externalApi.Dumps"/>
  <testcase name="login" time="0.001" classname="com.externalApi.Dumps"/>
  <testcase name="login" time="0.001" classname="com.externalApi.Dumps"/>
  <testcase name="login" time="0.001" classname="com.externalApi.Dumps"/>
  <testcase name="login" time="0.000" classname="com.externalApi.Dumps"/>
  <testcase name="login" time="0.003" classname="com.externalApi.Dumps"/>
  <testcase name="login" time="0.000" classname="com.externalApi.Dumps"/>
  <testcase name="login" time="0.000" classname="com.externalApi.Dumps"/>
  <testcase name="login" time="0.001" classname="com.externalApi.Dumps"/>
  <testcase name="login" time="0.002" classname="com.externalApi.Dumps"/>
  <testcase name="login" time="0.003" classname="com.externalApi.Dumps"/>
  <testcase name="login" time="0.001" classname="com.externalApi.Dumps"/>
  <testcase name="login" time="0.000" classname="com.externalApi.Dumps"/>
  <testcase name="login" time="0.000" classname="com.externalApi.Dumps"/>
  <testcase name="login" time="0.001" classname="com.externalApi.Dumps"/>
  <testcase name="login" time="0.001" classname="com.externalApi.Dumps"/>
  <testcase name="login" time="0.000" classname="com.externalApi.Dumps"/>
  <testcase name="login" time="0.000" classname="com.externalApi.Dumps"/>
  <testcase name="login" time="0.000" classname="com.externalApi.Dumps"/>
  <testcase name="login" time="0.000" classname="com.externalApi.Dumps"/>
  <testcase name="login" time="0.000" classname="com.externalApi.Dumps"/>
  <testcase name="login" time="0.000" classname="com.externalApi.Dumps"/>
  <testcase name="login" time="0.002" classname="com.externalApi.Dumps"/>
  <testcase name="login" time="0.001" classname="com.externalApi.Dumps"/>
  <testcase name="login" time="0.000" classname="com.externalApi.Dumps"/>
  <testcase name="login" time="0.000" classname="com.externalApi.Dumps"/>
  <testcase name="login" time="0.001" classname="com.externalApi.Dumps"/>
  <testcase name="login" time="0.001" classname="com.externalApi.Dumps"/>
  <testcase name="login" time="0.000" classname="com.externalApi.Dumps"/>
  <testcase name="login" time="0.000" classname="com.externalApi.Dumps"/>
  <testcase name="login" time="0.001" classname="com.externalApi.Dumps"/>
  <testcase name="login" time="0.001" classname="com.externalApi.Dumps"/>
  <testcase name="login" time="0.001" classname="com.externalApi.Dumps"/>
  <testcase name="login" time="0.000" classname="com.externalApi.Dumps"/>
  <testcase name="login" time="0.000" classname="com.externalApi.Dumps"/>
  <testcase name="login" time="0.002" classname="com.externalApi.Dumps"/>
  <testcase name="login" time="0.000" classname="com.externalApi.Dumps"/>
  <testcase name="login" time="0.000" classname="com.externalApi.Dumps"/>
  <testcase name="login" time="0.001" classname="com.externalApi.Dumps"/>
  <testcase name="login" time="0.001" classname="com.externalApi.Dumps"/>
  <testcase name="login" time="0.001" classname="com.externalApi.Dumps"/>
  <testcase name="login" time="0.001" classname="com.externalApi.Dumps"/>
  <testcase name="login" time="0.000" classname="com.externalApi.Dumps"/>
  <testcase name="login" time="0.001" classname="com.externalApi.Dumps"/>
  <testcase name="login" time="0.000" classname="com.externalApi.Dumps"/>
  <testcase name="login" time="0.000" classname="com.externalApi.Dumps"/>
  <testcase name="login" time="0.000" classname="com.externalApi.Dumps"/>
  <testcase name="login" time="0.001" classname="com.externalApi.Dumps"/>
  <testcase name="login" time="0.000" classname="com.externalApi.Dumps"/>
  <testcase name="login" time="0.001" classname="com.externalApi.Dumps"/>
  <testcase name="login" time="0.001" classname="com.externalApi.Dumps"/>
  <testcase name="login" time="0.002" classname="com.externalApi.Dumps"/>
  <testcase name="login" time="0.001" classname="com.externalApi.Dumps"/>
  <testcase name="login" time="0.001" classname="com.externalApi.Dumps"/>
  <testcase name="login" time="0.000" classname="com.externalApi.Dumps"/>
  <testcase name="login" time="0.000" classname="com.externalApi.Dumps"/>
  <testcase name="login" time="0.000" classname="com.externalApi.Dumps"/>
  <testcase name="login" time="0.001" classname="com.externalApi.Dumps"/>
  <testcase name="login" time="0.000" classname="com.externalApi.Dumps"/>
  <testcase name="login" time="0.001" classname="com.externalApi.Dumps"/>
  <testcase name="login" time="0.001" classname="com.externalApi.Dumps"/>
  <testcase name="login" time="0.001" classname="com.externalApi.Dumps"/>
  <testcase name="login" time="0.000" classname="com.externalApi.Dumps"/>
  <testcase name="login" time="0.001" classname="com.externalApi.Dumps"/>
  <testcase name="login" time="0.001" classname="com.externalApi.Dumps"/>
  <testcase name="login" time="0.000" classname="com.externalApi.Dumps"/>
  <testcase name="login" time="0.004" classname="com.externalApi.Dumps"/>
  <testcase name="login" time="0.000" classname="com.externalApi.Dumps"/>
  <testcase name="login" time="0.000" classname="com.externalApi.Dumps"/>
  <testcase name="login" time="0.001" classname="com.externalApi.Dumps"/>
  <testcase name="login" time="0.001" classname="com.externalApi.Dumps"/>
  <testcase name="login" time="0.000" classname="com.externalApi.Dumps"/>
  <testcase name="login" time="0.000" classname="com.externalApi.Dumps"/>
  <testcase name="login" time="0.000" classname="com.externalApi.Dumps"/>
  <testcase name="login" time="0.001" classname="com.externalApi.Dumps"/>
  <testcase name="login" time="0.001" classname="com.externalApi.Dumps"/>
  <testcase name="login" time="0.130" classname="com.externalApi.Dumps"/>
  <testcase name="login" time="0.002" classname="com.externalApi.Dumps"/>
  <testcase name="login" time="0.001" classname="com.externalApi.Dumps"/>
  <testcase name="login" time="0.000" classname="com.externalApi.Dumps"/>
  <testcase name="login" time="0.001" classname="com.externalApi.Dumps"/>
  <testcase name="login" time="0.000" classname="com.externalApi.Dumps"/>
  <testcase name="login" time="0.000" classname="com.externalApi.Dumps"/>
  <testcase name="login" time="0.000" classname="com.externalApi.Dumps"/>
  <testcase name="login" time="0.000" classname="com.externalApi.Dumps"/>
  <testcase name="login" time="0.001" classname="com.externalApi.Dumps"/>
  <testcase name="login" time="0.001" classname="com.externalApi.Dumps"/>
  <testcase name="login" time="0.001" classname="com.externalApi.Dumps"/>
  <testcase name="login" time="0.001" classname="com.externalApi.Dumps"/>
  <testcase name="login" time="0.000" classname="com.externalApi.Dumps"/>
  <testcase name="login" time="0.001" classname="com.externalApi.Dumps"/>
  <testcase name="login" time="0.000" classname="com.externalApi.Dumps"/>
  <testcase name="login" time="0.003" classname="com.externalApi.Dumps"/>
  <testcase name="login" time="0.000" classname="com.externalApi.Dumps"/>
  <testcase name="login" time="0.001" classname="com.externalApi.Dumps"/>
  <testcase name="login" time="0.000" classname="com.externalApi.Dumps"/>
  <testcase name="login" time="0.000" classname="com.externalApi.Dumps"/>
  <testcase name="login" time="0.001" classname="com.externalApi.Dumps"/>
  <testcase name="login" time="0.001" classname="com.externalApi.Dumps"/>
  <testcase name="login" time="0.000" classname="com.externalApi.Dumps"/>
  <testcase name="login" time="0.001" classname="com.externalApi.Dumps"/>
  <testcase name="login" time="0.001" classname="com.externalApi.Dumps"/>
  <testcase name="login" time="0.000" classname="com.externalApi.Dumps"/>
  <testcase name="login" time="0.000" classname="com.externalApi.Dumps"/>
  <testcase name="login" time="0.000" classname="com.externalApi.Dumps"/>
  <testcase name="login" time="0.001" classname="com.externalApi.Dumps"/>
  <testcase name="login" time="0.000" classname="com.externalApi.Dumps"/>
  <testcase name="login" time="0.001" classname="com.externalApi.Dumps"/>
  <testcase name="login" time="0.000" classname="com.externalApi.Dumps"/>
  <testcase name="login" time="0.000" classname="com.externalApi.Dumps"/>
  <testcase name="login" time="0.000" classname="com.externalApi.Dumps"/>
  <testcase name="login" time="0.001" classname="com.externalApi.Dumps"/>
  <testcase name="login" time="0.002" classname="com.externalApi.Dumps"/>
  <testcase name="login" time="0.001" classname="com.externalApi.Dumps"/>
  <testcase name="login" time="0.000" classname="com.externalApi.Dumps"/>
  <testcase name="login" time="0.000" classname="com.externalApi.Dumps"/>
  <testcase name="login" time="0.001" classname="com.externalApi.Dumps"/>
  <testcase name="login" time="0.000" classname="com.externalApi.Dumps"/>
  <testcase name="login" time="0.000" classname="com.externalApi.Dumps"/>
  <testcase name="login" time="0.000" classname="com.externalApi.Dumps"/>
  <testcase name="login" time="0.000" classname="com.externalApi.Dumps"/>
  <testcase name="login" time="0.001" classname="com.externalApi.Dumps"/>
  <testcase name="login" time="0.000" classname="com.externalApi.Dumps"/>
  <testcase name="login" time="0.000" classname="com.externalApi.Dumps"/>
  <testcase name="login" time="0.000" classname="com.externalApi.Dumps"/>
  <testcase name="login" time="0.001" classname="com.externalApi.Dumps"/>
  <testcase name="login" time="0.000" classname="com.externalApi.Dumps"/>
  <testcase name="login" time="0.000" classname="com.externalApi.Dumps"/>
  <testcase name="login" time="0.001" classname="com.externalApi.Dumps"/>
  <testcase name="login" time="0.001" classname="com.externalApi.Dumps"/>
  <testcase name="login" time="0.000" classname="com.externalApi.Dumps"/>
  <testcase name="login" time="0.000" classname="com.externalApi.Dumps"/>
  <testcase name="login" time="0.002" classname="com.externalApi.Dumps"/>
  <testcase name="login" time="0.001" classname="com.externalApi.Dumps"/>
  <testcase name="login" time="0.001" classname="com.externalApi.Dumps"/>
  <testcase name="login" time="0.001" classname="com.externalApi.Dumps"/>
  <testcase name="login" time="0.001" classname="com.externalApi.Dumps"/>
  <testcase name="login" time="0.001" classname="com.externalApi.Dumps"/>
  <testcase name="login" time="0.000" classname="com.externalApi.Dumps"/>
  <testcase name="login" time="0.000" classname="com.externalApi.Dumps"/>
  <testcase name="login" time="0.001" classname="com.externalApi.Dumps"/>
[...]
  <testcase name="login" time="0.000" classname="com.externalApi.Dumps"/>
  <testcase name="login" time="0.000" classname="com.externalApi.Dumps"/>
  <testcase name="login" time="0.000" classname="com.externalApi.Dumps"/>
  <testcase name="login" time="0.001" classname="com.externalApi.Dumps"/>
  <testcase name="login" time="0.000" classname="com.externalApi.Dumps"/>
  <testcase name="login" time="0.002" classname="com.externalApi.Dumps"/>
  <testcase name="login" time="0.001" classname="com.externalApi.Dumps"/>
  <testcase name="login" time="0.000" classname="com.externalApi.Dumps"/>
  <testcase name="login" time="0.000" classname="com.externalApi.Dumps"/>
  <testcase name="login" time="0.000" classname="com.externalApi.Dumps"/>
  <testcase name="login" time="0.000" classname="com.externalApi.Dumps"/>
  <testcase name="login" time="0.000" classname="com.externalApi.Dumps"/>
  <testcase name="login" time="0.000" classname="com.externalApi.Dumps"/>
  <testcase name="login" time="0.000" classname="com.externalApi.Dumps"/>
  <testcase name="login" time="0.001" classname="com.externalApi.Dumps"/>
  <testcase name="login" time="0.001" classname="com.externalApi.Dumps"/>
  <testcase name="login" time="0.001" classname="com.externalApi.Dumps"/>
  <testcase name="login" time="0.000" classname="com.externalApi.Dumps"/>
  <testcase name="login" time="0.000" classname="com.externalApi.Dumps"/>
  <testcase name="login" time="0.001" classname="com.externalApi.Dumps"/>
  <testcase name="login" time="0.000" classname="com.externalApi.Dumps"/>
  <testcase name="login" time="0.001" classname="com.externalApi.Dumps"/>
  <testcase name="login" time="0.000" classname="com.externalApi.Dumps"/>
  <testcase name="login" time="0.001" classname="com.externalApi.Dumps"/>
  <testcase name="login" time="0.000" classname="com.externalApi.Dumps"/>
  <testcase name="login" time="0.000" classname="com.externalApi.Dumps"/>
  <testcase name="login" time="0.000" classname="com.externalApi.Dumps"/>
  <testcase name="login" time="0.000" classname="com.externalApi.Dumps"/>
  <testcase name="login" time="0.000" classname="com.externalApi.Dumps"/>
  <testcase name="login" time="0.001" classname="com.externalApi.Dumps"/>
  <testcase name="login" time="0.000" classname="com.externalApi.Dumps"/>
  <testcase name="login" time="0.000" classname="com.externalApi.Dumps"/>
  <testcase name="login" time="0.001" classname="com.externalApi.Dumps"/>
  <testcase name="login" time="0.001" classname="com.externalApi.Dumps"/>
  <testcase name="login" time="0.000" classname="com.externalApi.Dumps"/>
  <testcase name="login" time="0.001" classname="com.externalApi.Dumps"/>
  <testcase name="login" time="0.001" classname="com.externalApi.Dumps"/>
  <testcase name="login" time="0.001" classname="com.externalApi.Dumps"/>
  <testcase name="login" time="0.000" classname="com.externalApi.Dumps"/>
  <testcase name="login" time="0.028" classname="com.externalApi.Dumps"/>
  <testcase name="login" time="0.001" classname="com.externalApi.Dumps"/>
  <testcase name="login" time="0.000" classname="com.externalApi.Dumps"/>
  <testcase name="login" time="0.001" classname="com.externalApi.Dumps"/>
  <testcase name="login" time="0.003" classname="com.externalApi.Dumps"/>
  <testcase name="login" time="0.001" classname="com.externalApi.Dumps"/>
  <testcase name="login" time="0.002" classname="com.externalApi.Dumps"/>
  <testcase name="login" time="0.000" classname="com.externalApi.Dumps"/>
  <testcase name="login" time="0.000" classname="com.externalApi.Dumps"/>
  <testcase name="login" time="0.000" classname="com.externalApi.Dumps"/>
  <testcase name="login" time="0.000" classname="com.externalApi.Dumps"/>
  <testcase name="login" time="0.001" classname="com.externalApi.Dumps"/>
  <testcase name="login" time="0.000" classname="com.externalApi.Dumps"/>
  <testcase name="login" time="0.001" classname="com.externalApi.Dumps"/>
  <testcase name="login" time="0.001" classname="com.externalApi.Dumps"/>
  <testcase name="login" time="0.002" classname="com.externalApi.Dumps"/>
  <testcase name="login" time="0.000" classname="com.externalApi.Dumps"/>
  <testcase name="login" time="0.000" classname="com.externalApi.Dumps"/>
  <testcase name="login" time="0.000" classname="com.externalApi.Dumps"/>
  <testcase name="login" time="0.000" classname="com.externalApi.Dumps"/>
  <testcase name="login" time="0.000" classname="com.externalApi.Dumps"/>
  <testcase name="login" time="0.001" classname="com.externalApi.Dumps"/>
  <testcase name="login" time="0.000" classname="com.externalApi.Dumps"/>
  <testcase name="login" time="0.000" classname="com.externalApi.Dumps"/>
  <testcase name="login" time="0.001" classname="com.externalApi.Dumps"/>
  <testcase name="login" time="0.000" classname="com.externalApi.Dumps"/>
  <testcase name="login" time="0.000" classname="com.externalApi.Dumps"/>
  <testcase name="login" time="0.000" classname="com.externalApi.Dumps"/>
  <testcase name="login" time="0.000" classname="com.externalApi.Dumps"/>
  <testcase name="login" time="0.001" classname="com.externalApi.Dumps"/>
  <testcase name="login" time="0.000" classname="com.externalApi.Dumps"/>
  <testcase name="login" time="0.002" classname="com.externalApi.Dumps"/>
  <testcase name="login" time="0.001" classname="com.externalApi.Dumps"/>
  <testcase name="login" time="0.000" classname="com.externalApi.Dumps"/>
  <testcase name="login" time="0.000" classname="com.externalApi.Dumps"/>
  <testcase name="login" time="0.001" classname="com.externalApi.Dumps"/>
  <testcase name="login" time="0.000" classname="com.externalApi.Dumps"/>
  <testcase name="login" time="0.001" classname="com.externalApi.Dumps"/>
  <testcase name="login" time="0.000" classname="com.externalApi.Dumps"/>
  <testcase name="login" time="0.001" classname="com.externalApi.Dumps"/>
  <testcase name="login" time="0.002" classname="com.externalApi.Dumps"/>
  <testcase name="login" time="0.000" classname="com.externalApi.Dumps"/>
  <testcase name="login" time="0.000" classname="com.externalApi.Dumps"/>
  <testcase name="login" time="0.000" classname="com.externalApi.Dumps"/>
  <testcase name="login" time="0.001" classname="com.externalApi.Dumps"/>
  <testcase name="login" time="0.001" classname="com.externalApi.Dumps"/>
  <testcase name="login" time="0.000" classname="com.externalApi.Dumps"/>
  <testcase name="login" time="0.003" classname="com.externalApi.Dumps"/>
  <testcase name="login" time="0.000" classname="com.externalApi.Dumps"/>
  <testcase name="login" time="0.000" classname="com.externalApi.Dumps"/>
  <testcase name="login" time="0.001" classname="com.externalApi.Dumps"/>
  <testcase name="login" time="0.000" classname="com.externalApi.Dumps"/>
  <testcase name="login" time="0.000" classname="com.externalApi.Dumps"/>
  <testcase name="login" time="0.001" classname="com.externalApi.Dumps"/>
  <testcase name="login" time="0.000" classname="com.externalApi.Dumps"/>
  <testcase name="login" time="0.000" classname="com.externalApi.Dumps"/>
  <testcase name="login" time="0.001" classname="com.externalApi.Dumps"/>
  <testcase name="login" time="0.001" classname="com.externalApi.Dumps"/>
  <testcase name="login" time="0.001" classname="com.externalApi.Dumps"/>
  <testcase name="login" time="0.000" classname="com.externalApi.Dumps"/>
  <testcase name="login" time="0.001" classname="com.externalApi.Dumps"/>
  <testcase name="login" time="0.000" classname="com.externalApi.Dumps"/>
  <testcase name="login" time="0.000" classname="com.externalApi.Dumps"/>
  <testcase name="login" time="0.001" classname="com.externalApi.Dumps"/>
  <testcase name="login" time="0.001" classname="com.externalApi.Dumps"/>
  <testcase name="login" time="0.001" classname="com.externalApi.Dumps"/>
  <testcase name="login" time="0.001" classname="com.externalApi.Dumps"/>
  <testcase name="login" time="0.000" classname="com.externalApi.Dumps"/>
  <testcase name="login" time="0.001" classname="com.externalApi.Dumps"/>
  <testcase name="login" time="0.000" classname="com.externalApi.Dumps"/>
  <testcase name="login" time="0.000" classname="com.externalApi.Dumps"/>
  <testcase name="login" time="0.002" classname="com.externalApi.Dumps"/>
  <testcase name="login" time="0.016" classname="com.externalApi.Dumps"/>
  <testcase name="login" time="0.001" classname="com.externalApi.Dumps"/>
  <testcase name="login" time="0.000" classname="com.externalApi.Dumps"/>
  <testcase name="login" time="0.001" classname="com.externalApi.Dumps"/>
  <testcase name="login" time="0.001" classname="com.externalApi.Dumps"/>
  <testcase name="login" time="0.000" classname="com.externalApi.Dumps"/>
  <testcase name="login" time="0.000" classname="com.externalApi.Dumps"/>
  <testcase name="login" time="0.000" classname="com.externalApi.Dumps"/>
  <testcase name="login" time="0.086" classname="com.externalApi.Dumps"/>
  <testcase name="login" time="0.001" classname="com.externalApi.Dumps"/>
  <testcase name="login" time="0.000" classname="com.externalApi.Dumps"/>
  <testcase name="login" time="0.001" classname="com.externalApi.Dumps"/>
  <testcase name="login" time="0.001" classname="com.externalApi.Dumps"/>
  <testcase name="login" time="0.001" classname="com.externalApi.Dumps"/>
  <testcase name="login" time="0.002" classname="com.externalApi.Dumps"/>
  <testcase name="login" time="0.001" classname="com.externalApi.Dumps"/>
  <testcase name="login" time="0.001" classname="com.externalApi.Dumps"/>
  <testcase name="login" time="0.001" classname="com.externalApi.Dumps"/>
  <testcase name="login" time="0.000" classname="com.externalApi.Dumps"/>
  <testcase name="login" time="0.000" classname="com.externalApi.Dumps"/>
  <testcase name="login" time="0.000" classname="com.externalApi.Dumps"/>
  <testcase name="login" time="0.001" classname="com.externalApi.Dumps"/>
  <testcase name="login" time="0.000" classname="com.externalApi.Dumps"/>
  <testcase name="login" time="0.000" classname="com.externalApi.Dumps"/>
  <testcase name="login" time="0.000" classname="com.externalApi.Dumps"/>
  <testcase name="login" time="0.000" classname="com.externalApi.Dumps"/>
  <testcase name="login" time="0.000" classname="com.externalApi.Dumps"/>
  <testcase name="login" time="0.000" classname="com.externalApi.Dumps"/>
  <testcase name="login" time="0.001" classname="com.externalApi.Dumps"/>
  <testcase name="login" time="0.001" classname="com.externalApi.Dumps"/>
  <testcase name="login" time="0.001" classname="com.externalApi.Dumps"/>
  <testcase name="login" time="0.002" classname="com.externalApi.Dumps"/>
  <testcase name="login" time="0.000" classname="com.externalApi.Dumps"/>
  <testcase name="login" time="0.001" classname="com.externalApi.Dumps"/>
  <testcase name="login" time="0.001" classname="com.externalApi.Dumps"/>
  <testcase name="login" time="0.001" classname="com.externalApi.Dumps"/>
  <testcase name="login" time="0.001" classname="com.externalApi.Dumps"/>
  <testcase name="login" time="0.000" classname="com.externalApi.Dumps"/>
  <testcase name="login" time="0.000" classname="com.externalApi.Dumps"/>
  <testcase name="login" time="0.000" classname="com.externalApi.Dumps"/>
  <testcase name="login" time="0.000" classname="com.externalApi.Dumps"/>
  <testcase name="login" time="0.000" classname="com.externalApi.Dumps"/>
  <testcase name="login" time="0.001" classname="com.externalApi.Dumps"/>
  <testcase name="login" time="0.000" classname="com.externalApi.Dumps"/>
  <testcase name="login" time="0.001" classname="com.externalApi.Dumps"/>
  <testcase name="login" time="0.000" classname="com.externalApi.Dumps"/>
  <testcase name="login" time="0.001" classname="com.externalApi.Dumps"/>
  <testcase name="login" time="0.001" classname="com.externalApi.Dumps"/>
  <testcase name="login" time="0.000" classname="com.externalApi.Dumps"/>
  <testcase name="login" time="0.000" classname="com.externalApi.Dumps"/>
  <testcase name="login" time="0.000" classname="com.externalApi.Dumps"/>
  <testcase name="login" time="0.001" classname="com.externalApi.Dumps"/>
  <testcase name="login" time="0.000" classname="com.externalApi.Dumps"/>
  <testcase name="login" time="0.000" classname="com.externalApi.Dumps"/>
  <testcase name="login" time="0.002" classname="com.externalApi.Dumps"/>
  <testcase name="login" time="0.002" classname="com.externalApi.Dumps"/>
  <testcase name="login" time="0.000" classname="com.externalApi.Dumps"/>
  <testcase name="login" time="0.000" classname="com.externalApi.Dumps"/>
  <testcase name="login" time="0.004" classname="com.externalApi.Dumps"/>
  <testcase name="login" time="0.001" classname="com.externalApi.Dumps"/>
  <testcase name="login" time="0.001" classname="com.externalApi.Dumps"/>
  <testcase name="login" time="0.000" classname="com.externalApi.Dumps"/>
  <testcase name="login" time="0.001" classname="com.externalApi.Dumps"/>
  <testcase name="login" time="0.003" classname="com.externalApi.Dumps"/>
  <testcase name="login" time="0.001" classname="com.externalApi.Dumps"/>
  <testcase name="login" time="0.001" classname="com.externalApi.Dumps"/>
  <testcase name="login" time="0.001" classname="com.externalApi.Dumps"/>
  <testcase name="login" time="0.000" classname="com.externalApi.Dumps"/>
  <testcase name="login" time="0.002" classname="com.externalApi.Dumps"/>
  <testcase name="login" time="0.000" classname="com.externalApi.Dumps"/>
  <testcase name="login" time="0.001" classname="com.externalApi.Dumps"/>
  <testcase name="login" time="0.002" classname="com.externalApi.Dumps"/>
  <testcase name="login" time="0.000" classname="com.externalApi.Dumps"/>
  <testcase name="login" time="0.001" classname="com.externalApi.Dumps"/>
  <testcase name="login" time="0.001" classname="com.externalApi.Dumps"/>
  <testcase name="login" time="0.000" classname="com.externalApi.Dumps"/>
  <testcase name="login" time="0.001" classname="com.externalApi.Dumps"/>
  <testcase name="login" time="0.001" classname="com.externalApi.Dumps"/>
  <testcase name="login" time="0.000" classname="com.externalApi.Dumps"/>
  <testcase name="login" time="0.000" classname="com.externalApi.Dumps"/>
  <testcase name="login" time="0.002" classname="com.externalApi.Dumps"/>
  <testcase name="login" time="0.001" classname="com.externalApi.Dumps"/>
  <testcase name="login" time="0.002" classname="com.externalApi.Dumps"/>
  <testcase name="login" time="0.003" classname="com.externalApi.Dumps"/>
  <testcase name="login" time="0.001" classname="com.externalApi.Dumps"/>
  <testcase name="login" time="0.000" classname="com.externalApi.Dumps"/>
  <testcase name="login" time="0.001" classname="com.externalApi.Dumps"/>
  <testcase name="login" time="0.002" classname="com.externalApi.Dumps"/>
  <testcase name="login" time="0.002" classname="com.externalApi.Dumps"/>
  <testcase name="login" time="0.000" classname="com.externalApi.Dumps"/>
  <testcase name="login" time="0.000" classname="com.externalApi.Dumps"/>
  <testcase name="login" time="0.000" classname="com.externalApi.Dumps"/>
  <testcase name="login" time="0.003" classname="com.externalApi.Dumps"/>
  <testcase name="login" time="0.000" classname="com.externalApi.Dumps"/>
  <testcase name="login" time="0.000" classname="com.externalApi.Dumps"/>
  <testcase name="login" time="0.000" classname="com.externalApi.Dumps"/>
  <testcase name="login" time="0.000" classname="com.externalApi.Dumps"/>
  <testcase name="login" time="0.047" classname="com.externalApi.Dumps"/>
  <testcase name="login" time="0.115" classname="com.externalApi.Dumps"/>
  <testcase name="login" time="0.000" classname="com.externalApi.Dumps"/>
  <testcase name="login" time="0.001" classname="com.externalApi.Dumps"/>
  <testcase name="login" time="0.000" classname="com.externalApi.Dumps"/>
  <testcase name="login" time="0.000" classname="com.externalApi.Dumps"/>
  <testcase name="login" time="0.000" classname="com.externalApi.Dumps"/>
  <testcase name="login" time="0.001" classname="com.externalApi.Dumps"/>
  <testcase name="login" time="0.001" classname="com.externalApi.Dumps"/>
  <testcase name="login" time="0.001" classname="com.externalApi.Dumps"/>
  <testcase name="login" time="0.000" classname="com.externalApi.Dumps"/>
  <testcase name="login" time="0.001" classname="com.externalApi.Dumps"/>
  <testcase name="login" time="0.001" classname="com.externalApi.Dumps"/>
  <testcase name="login" time="0.000" classname="com.externalApi.Dumps"/>
  <testcase name="login" time="0.000" classname="com.externalApi.Dumps"/>
  <testcase name="login" time="0.001" classname="com.externalApi.Dumps"/>
  <testcase name="login" time="0.000" classname="com.externalApi.Dumps"/>
  <testcase name="login" time="0.000" classname="com.externalApi.Dumps"/>
  <testcase name="login" time="0.001" classname="com.externalApi.Dumps"/>
  <testcase name="login" time="0.001" classname="com.externalApi.Dumps"/>
  <testcase name="login" time="0.001" classname="com.externalApi.Dumps"/>
  <testcase name="login" time="0.001" classname="com.externalApi.Dumps"/>
  <testcase name="login" time="0.002" classname="com.externalApi.Dumps"/>
  <testcase name="login" time="0.001" classname="com.externalApi.Dumps"/>
  <testcase name="login" time="0.000" classname="com.externalApi.Dumps"/>
  <testcase name="login" time="0.000" classname="com.externalApi.Dumps"/>
  <testcase name="login" time="0.000" classname="com.externalApi.Dumps"/>
  <testcase name="login" time="0.000" classname="com.externalApi.Dumps"/>
  <testcase name="login" time="0.001" classname="com.externalApi.Dumps"/>
  <testcase name="login" time="0.000" classname="com.externalApi.Dumps"/>
  <testcase name="login" time="0.001" classname="com.externalApi.Dumps"/>
  <testcase name="login" time="0.000" classname="com.externalApi.Dumps"/>
  <testcase name="login" time="0.001" classname="com.externalApi.Dumps"/>
  <testcase name="login" time="0.002" classname="com.externalApi.Dumps"/>
  <testcase name="login" time="0.001" classname="com.externalApi.Dumps"/>
  <testcase name="login" time="0.000" classname="com.externalApi.Dumps"/>
  <testcase name="login" time="0.001" classname="com.externalApi.Dumps"/>
  <testcase name="login" time="0.001" classname="com.externalApi.Dumps"/>
  <testcase name="login" time="0.000" classname="com.externalApi.Dumps"/>
  <testcase name="login" time="0.000" classname="com.externalApi.Dumps"/>
  <testcase name="login" time="0.000" classname="com.externalApi.Dumps"/>
  <testcase name="login" time="0.001" classname="com.externalApi.Dumps"/>
  <testcase name="login" time="0.001" classname="com.externalApi.Dumps"/>
  <testcase name="login" time="0.002" classname="com.externalApi.Dumps"/>
  <testcase name="login" time="0.000" classname="com.externalApi.Dumps"/>
  <testcase name="login" time="0.001" classname="com.externalApi.Dumps"/>
  <testcase name="login" time="0.001" classname="com.externalApi.Dumps"/>
  <testcase name="login" time="0.001" classname="com.externalApi.Dumps"/>
  <testcase name="login" time="0.000" classname="com.externalApi.Dumps"/>
  <testcase name="login" time="0.001" classname="com.externalApi.Dumps"/>
  <testcase name="login" time="0.000" classname="com.externalApi.Dumps"/>
  <testcase name="login" time="0.001" classname="com.externalApi.Dumps"/>
  <testcase name="login" time="0.001" classname="com.externalApi.Dumps"/>
  <testcase name="login" time="0.000" classname="com.externalApi.Dumps"/>
  <testcase name="login" time="0.000" classname="com.externalApi.Dumps"/>
  <testcase name="login" time="0.001" classname="com.externalApi.Dumps"/>
  <testcase name="login" time="0.000" classname="com.externalApi.Dumps"/>
  <testcase name="login" time="0.001" classname="com.externalApi.Dumps"/>
  <testcase name="login" time="0.003" classname="com.externalApi.Dumps"/>
  <testcase name="login" time="0.001" classname="com.externalApi.Dumps"/>
  <testcase name="login" time="0.000" classname="com.externalApi.Dumps"/>
</testsuite> <!-- com.externalApi.Dumps -->
